Wed, 08 Nov 2023 11:52:02 GMT
cathAll error
Stack: Error: ER_PARSE_ERROR: You have an error in your SQL syntax; check the manual that corresponds to your MariaDB server version for the right syntax to use near '?' at line 5
    at Query.Sequence._packetToError (C:\Users\Owner\Desktop\Studies\Practice after studies\Task Board\Task Board\Backend\node_modules\mysql\lib\protocol\sequences\Sequence.js:47:14)
    at Query.ErrorPacket (C:\Users\Owner\Desktop\Studies\Practice after studies\Task Board\Task Board\Backend\node_modules\mysql\lib\protocol\sequences\Query.js:79:18)
    at Protocol._parsePacket (C:\Users\Owner\Desktop\Studies\Practice after studies\Task Board\Task Board\Backend\node_modules\mysql\lib\protocol\Protocol.js:291:23)
    at Parser._parsePacket (C:\Users\Owner\Desktop\Studies\Practice after studies\Task Board\Task Board\Backend\node_modules\mysql\lib\protocol\Parser.js:433:10)
    at Parser.write (C:\Users\Owner\Desktop\Studies\Practice after studies\Task Board\Task Board\Backend\node_modules\mysql\lib\protocol\Parser.js:43:10)
    at Protocol.write (C:\Users\Owner\Desktop\Studies\Practice after studies\Task Board\Task Board\Backend\node_modules\mysql\lib\protocol\Protocol.js:38:16)
    at Socket.<anonymous> (C:\Users\Owner\Desktop\Studies\Practice after studies\Task Board\Task Board\Backend\node_modules\mysql\lib\Connection.js:88:28)
    at Socket.<anonymous> (C:\Users\Owner\Desktop\Studies\Practice after studies\Task Board\Task Board\Backend\node_modules\mysql\lib\Connection.js:526:10)
    at Socket.emit (node:events:513:28)
    at Socket.emit (node:domain:489:12)
    --------------------
    at Pool.query (C:\Users\Owner\Desktop\Studies\Practice after studies\Task Board\Task Board\Backend\node_modules\mysql\lib\Pool.js:199:23)
    at C:\Users\Owner\Desktop\Studies\Practice after studies\Task Board\Task Board\Backend\src\2-utils\dal.ts:14:20
    at new Promise (<anonymous>)
    at Object.execute (C:\Users\Owner\Desktop\Studies\Practice after studies\Task Board\Task Board\Backend\src\2-utils\dal.ts:13:12)
    at Object.<anonymous> (C:\Users\Owner\Desktop\Studies\Practice after studies\Task Board\Task Board\Backend\src\5-logic\task-logic.ts:33:37)
    at step (C:\Users\Owner\Desktop\Studies\Practice after studies\Task Board\Task Board\Backend\src\5-logic\task-logic.ts:33:23)
    at Object.next (C:\Users\Owner\Desktop\Studies\Practice after studies\Task Board\Task Board\Backend\src\5-logic\task-logic.ts:14:53)
    at C:\Users\Owner\Desktop\Studies\Practice after studies\Task Board\Task Board\Backend\src\5-logic\task-logic.ts:8:71
    at new Promise (<anonymous>)
    at __awaiter (C:\Users\Owner\Desktop\Studies\Practice after studies\Task Board\Task Board\Backend\src\5-logic\task-logic.ts:4:12)
----------------------------------------------------------------------------------------------------
Wed, 08 Nov 2023 11:54:08 GMT
cathAll error
Stack: Error: ER_PARSE_ERROR: You have an error in your SQL syntax; check the manual that corresponds to your MariaDB server version for the right syntax to use near '?' at line 5
    at Query.Sequence._packetToError (C:\Users\Owner\Desktop\Studies\Practice after studies\Task Board\Task Board\Backend\node_modules\mysql\lib\protocol\sequences\Sequence.js:47:14)
    at Query.ErrorPacket (C:\Users\Owner\Desktop\Studies\Practice after studies\Task Board\Task Board\Backend\node_modules\mysql\lib\protocol\sequences\Query.js:79:18)
    at Protocol._parsePacket (C:\Users\Owner\Desktop\Studies\Practice after studies\Task Board\Task Board\Backend\node_modules\mysql\lib\protocol\Protocol.js:291:23)
    at Parser._parsePacket (C:\Users\Owner\Desktop\Studies\Practice after studies\Task Board\Task Board\Backend\node_modules\mysql\lib\protocol\Parser.js:433:10)
    at Parser.write (C:\Users\Owner\Desktop\Studies\Practice after studies\Task Board\Task Board\Backend\node_modules\mysql\lib\protocol\Parser.js:43:10)
    at Protocol.write (C:\Users\Owner\Desktop\Studies\Practice after studies\Task Board\Task Board\Backend\node_modules\mysql\lib\protocol\Protocol.js:38:16)
    at Socket.<anonymous> (C:\Users\Owner\Desktop\Studies\Practice after studies\Task Board\Task Board\Backend\node_modules\mysql\lib\Connection.js:88:28)
    at Socket.<anonymous> (C:\Users\Owner\Desktop\Studies\Practice after studies\Task Board\Task Board\Backend\node_modules\mysql\lib\Connection.js:526:10)
    at Socket.emit (node:events:513:28)
    at Socket.emit (node:domain:489:12)
    --------------------
    at Pool.query (C:\Users\Owner\Desktop\Studies\Practice after studies\Task Board\Task Board\Backend\node_modules\mysql\lib\Pool.js:199:23)
    at C:\Users\Owner\Desktop\Studies\Practice after studies\Task Board\Task Board\Backend\src\2-utils\dal.ts:14:20
    at new Promise (<anonymous>)
    at Object.execute (C:\Users\Owner\Desktop\Studies\Practice after studies\Task Board\Task Board\Backend\src\2-utils\dal.ts:13:12)
    at Object.<anonymous> (C:\Users\Owner\Desktop\Studies\Practice after studies\Task Board\Task Board\Backend\src\5-logic\task-logic.ts:33:37)
    at step (C:\Users\Owner\Desktop\Studies\Practice after studies\Task Board\Task Board\Backend\src\5-logic\task-logic.ts:33:23)
    at Object.next (C:\Users\Owner\Desktop\Studies\Practice after studies\Task Board\Task Board\Backend\src\5-logic\task-logic.ts:14:53)
    at C:\Users\Owner\Desktop\Studies\Practice after studies\Task Board\Task Board\Backend\src\5-logic\task-logic.ts:8:71
    at new Promise (<anonymous>)
    at __awaiter (C:\Users\Owner\Desktop\Studies\Practice after studies\Task Board\Task Board\Backend\src\5-logic\task-logic.ts:4:12)
----------------------------------------------------------------------------------------------------
Wed, 08 Nov 2023 11:54:44 GMT
cathAll error
Stack: Error: ER_PARSE_ERROR: You have an error in your SQL syntax; check the manual that corresponds to your MariaDB server version for the right syntax to use near '?' at line 5
    at Query.Sequence._packetToError (C:\Users\Owner\Desktop\Studies\Practice after studies\Task Board\Task Board\Backend\node_modules\mysql\lib\protocol\sequences\Sequence.js:47:14)
    at Query.ErrorPacket (C:\Users\Owner\Desktop\Studies\Practice after studies\Task Board\Task Board\Backend\node_modules\mysql\lib\protocol\sequences\Query.js:79:18)
    at Protocol._parsePacket (C:\Users\Owner\Desktop\Studies\Practice after studies\Task Board\Task Board\Backend\node_modules\mysql\lib\protocol\Protocol.js:291:23)
    at Parser._parsePacket (C:\Users\Owner\Desktop\Studies\Practice after studies\Task Board\Task Board\Backend\node_modules\mysql\lib\protocol\Parser.js:433:10)
    at Parser.write (C:\Users\Owner\Desktop\Studies\Practice after studies\Task Board\Task Board\Backend\node_modules\mysql\lib\protocol\Parser.js:43:10)
    at Protocol.write (C:\Users\Owner\Desktop\Studies\Practice after studies\Task Board\Task Board\Backend\node_modules\mysql\lib\protocol\Protocol.js:38:16)
    at Socket.<anonymous> (C:\Users\Owner\Desktop\Studies\Practice after studies\Task Board\Task Board\Backend\node_modules\mysql\lib\Connection.js:88:28)
    at Socket.<anonymous> (C:\Users\Owner\Desktop\Studies\Practice after studies\Task Board\Task Board\Backend\node_modules\mysql\lib\Connection.js:526:10)
    at Socket.emit (node:events:513:28)
    at Socket.emit (node:domain:489:12)
    --------------------
    at Pool.query (C:\Users\Owner\Desktop\Studies\Practice after studies\Task Board\Task Board\Backend\node_modules\mysql\lib\Pool.js:199:23)
    at C:\Users\Owner\Desktop\Studies\Practice after studies\Task Board\Task Board\Backend\src\2-utils\dal.ts:14:20
    at new Promise (<anonymous>)
    at Object.execute (C:\Users\Owner\Desktop\Studies\Practice after studies\Task Board\Task Board\Backend\src\2-utils\dal.ts:13:12)
    at Object.<anonymous> (C:\Users\Owner\Desktop\Studies\Practice after studies\Task Board\Task Board\Backend\src\5-logic\task-logic.ts:33:37)
    at step (C:\Users\Owner\Desktop\Studies\Practice after studies\Task Board\Task Board\Backend\src\5-logic\task-logic.ts:33:23)
    at Object.next (C:\Users\Owner\Desktop\Studies\Practice after studies\Task Board\Task Board\Backend\src\5-logic\task-logic.ts:14:53)
    at C:\Users\Owner\Desktop\Studies\Practice after studies\Task Board\Task Board\Backend\src\5-logic\task-logic.ts:8:71
    at new Promise (<anonymous>)
    at __awaiter (C:\Users\Owner\Desktop\Studies\Practice after studies\Task Board\Task Board\Backend\src\5-logic\task-logic.ts:4:12)
----------------------------------------------------------------------------------------------------
Wed, 08 Nov 2023 11:54:45 GMT
cathAll error
Stack: Error: ER_PARSE_ERROR: You have an error in your SQL syntax; check the manual that corresponds to your MariaDB server version for the right syntax to use near '?' at line 5
    at Query.Sequence._packetToError (C:\Users\Owner\Desktop\Studies\Practice after studies\Task Board\Task Board\Backend\node_modules\mysql\lib\protocol\sequences\Sequence.js:47:14)
    at Query.ErrorPacket (C:\Users\Owner\Desktop\Studies\Practice after studies\Task Board\Task Board\Backend\node_modules\mysql\lib\protocol\sequences\Query.js:79:18)
    at Protocol._parsePacket (C:\Users\Owner\Desktop\Studies\Practice after studies\Task Board\Task Board\Backend\node_modules\mysql\lib\protocol\Protocol.js:291:23)
    at Parser._parsePacket (C:\Users\Owner\Desktop\Studies\Practice after studies\Task Board\Task Board\Backend\node_modules\mysql\lib\protocol\Parser.js:433:10)
    at Parser.write (C:\Users\Owner\Desktop\Studies\Practice after studies\Task Board\Task Board\Backend\node_modules\mysql\lib\protocol\Parser.js:43:10)
    at Protocol.write (C:\Users\Owner\Desktop\Studies\Practice after studies\Task Board\Task Board\Backend\node_modules\mysql\lib\protocol\Protocol.js:38:16)
    at Socket.<anonymous> (C:\Users\Owner\Desktop\Studies\Practice after studies\Task Board\Task Board\Backend\node_modules\mysql\lib\Connection.js:88:28)
    at Socket.<anonymous> (C:\Users\Owner\Desktop\Studies\Practice after studies\Task Board\Task Board\Backend\node_modules\mysql\lib\Connection.js:526:10)
    at Socket.emit (node:events:513:28)
    at Socket.emit (node:domain:489:12)
    --------------------
    at Pool.query (C:\Users\Owner\Desktop\Studies\Practice after studies\Task Board\Task Board\Backend\node_modules\mysql\lib\Pool.js:199:23)
    at C:\Users\Owner\Desktop\Studies\Practice after studies\Task Board\Task Board\Backend\src\2-utils\dal.ts:14:20
    at new Promise (<anonymous>)
    at Object.execute (C:\Users\Owner\Desktop\Studies\Practice after studies\Task Board\Task Board\Backend\src\2-utils\dal.ts:13:12)
    at Object.<anonymous> (C:\Users\Owner\Desktop\Studies\Practice after studies\Task Board\Task Board\Backend\src\5-logic\task-logic.ts:33:37)
    at step (C:\Users\Owner\Desktop\Studies\Practice after studies\Task Board\Task Board\Backend\src\5-logic\task-logic.ts:33:23)
    at Object.next (C:\Users\Owner\Desktop\Studies\Practice after studies\Task Board\Task Board\Backend\src\5-logic\task-logic.ts:14:53)
    at C:\Users\Owner\Desktop\Studies\Practice after studies\Task Board\Task Board\Backend\src\5-logic\task-logic.ts:8:71
    at new Promise (<anonymous>)
    at __awaiter (C:\Users\Owner\Desktop\Studies\Practice after studies\Task Board\Task Board\Backend\src\5-logic\task-logic.ts:4:12)
----------------------------------------------------------------------------------------------------
Wed, 08 Nov 2023 12:02:31 GMT
cathAll error
Stack: Error: ER_PARSE_ERROR: You have an error in your SQL syntax; check the manual that corresponds to your MariaDB server version for the right syntax to use near '?' at line 5
    at Query.Sequence._packetToError (C:\Users\Owner\Desktop\Studies\Practice after studies\Task Board\Task Board\Backend\node_modules\mysql\lib\protocol\sequences\Sequence.js:47:14)
    at Query.ErrorPacket (C:\Users\Owner\Desktop\Studies\Practice after studies\Task Board\Task Board\Backend\node_modules\mysql\lib\protocol\sequences\Query.js:79:18)
    at Protocol._parsePacket (C:\Users\Owner\Desktop\Studies\Practice after studies\Task Board\Task Board\Backend\node_modules\mysql\lib\protocol\Protocol.js:291:23)
    at Parser._parsePacket (C:\Users\Owner\Desktop\Studies\Practice after studies\Task Board\Task Board\Backend\node_modules\mysql\lib\protocol\Parser.js:433:10)
    at Parser.write (C:\Users\Owner\Desktop\Studies\Practice after studies\Task Board\Task Board\Backend\node_modules\mysql\lib\protocol\Parser.js:43:10)
    at Protocol.write (C:\Users\Owner\Desktop\Studies\Practice after studies\Task Board\Task Board\Backend\node_modules\mysql\lib\protocol\Protocol.js:38:16)
    at Socket.<anonymous> (C:\Users\Owner\Desktop\Studies\Practice after studies\Task Board\Task Board\Backend\node_modules\mysql\lib\Connection.js:88:28)
    at Socket.<anonymous> (C:\Users\Owner\Desktop\Studies\Practice after studies\Task Board\Task Board\Backend\node_modules\mysql\lib\Connection.js:526:10)
    at Socket.emit (node:events:513:28)
    at Socket.emit (node:domain:489:12)
    --------------------
    at Pool.query (C:\Users\Owner\Desktop\Studies\Practice after studies\Task Board\Task Board\Backend\node_modules\mysql\lib\Pool.js:199:23)
    at C:\Users\Owner\Desktop\Studies\Practice after studies\Task Board\Task Board\Backend\src\2-utils\dal.ts:14:20
    at new Promise (<anonymous>)
    at Object.execute (C:\Users\Owner\Desktop\Studies\Practice after studies\Task Board\Task Board\Backend\src\2-utils\dal.ts:13:12)
    at Object.<anonymous> (C:\Users\Owner\Desktop\Studies\Practice after studies\Task Board\Task Board\Backend\src\5-logic\task-logic.ts:33:37)
    at step (C:\Users\Owner\Desktop\Studies\Practice after studies\Task Board\Task Board\Backend\src\5-logic\task-logic.ts:33:23)
    at Object.next (C:\Users\Owner\Desktop\Studies\Practice after studies\Task Board\Task Board\Backend\src\5-logic\task-logic.ts:14:53)
    at C:\Users\Owner\Desktop\Studies\Practice after studies\Task Board\Task Board\Backend\src\5-logic\task-logic.ts:8:71
    at new Promise (<anonymous>)
    at __awaiter (C:\Users\Owner\Desktop\Studies\Practice after studies\Task Board\Task Board\Backend\src\5-logic\task-logic.ts:4:12)
----------------------------------------------------------------------------------------------------
Wed, 08 Nov 2023 12:02:35 GMT
cathAll error
Stack: Error: ER_PARSE_ERROR: You have an error in your SQL syntax; check the manual that corresponds to your MariaDB server version for the right syntax to use near '?' at line 5
    at Query.Sequence._packetToError (C:\Users\Owner\Desktop\Studies\Practice after studies\Task Board\Task Board\Backend\node_modules\mysql\lib\protocol\sequences\Sequence.js:47:14)
    at Query.ErrorPacket (C:\Users\Owner\Desktop\Studies\Practice after studies\Task Board\Task Board\Backend\node_modules\mysql\lib\protocol\sequences\Query.js:79:18)
    at Protocol._parsePacket (C:\Users\Owner\Desktop\Studies\Practice after studies\Task Board\Task Board\Backend\node_modules\mysql\lib\protocol\Protocol.js:291:23)
    at Parser._parsePacket (C:\Users\Owner\Desktop\Studies\Practice after studies\Task Board\Task Board\Backend\node_modules\mysql\lib\protocol\Parser.js:433:10)
    at Parser.write (C:\Users\Owner\Desktop\Studies\Practice after studies\Task Board\Task Board\Backend\node_modules\mysql\lib\protocol\Parser.js:43:10)
    at Protocol.write (C:\Users\Owner\Desktop\Studies\Practice after studies\Task Board\Task Board\Backend\node_modules\mysql\lib\protocol\Protocol.js:38:16)
    at Socket.<anonymous> (C:\Users\Owner\Desktop\Studies\Practice after studies\Task Board\Task Board\Backend\node_modules\mysql\lib\Connection.js:88:28)
    at Socket.<anonymous> (C:\Users\Owner\Desktop\Studies\Practice after studies\Task Board\Task Board\Backend\node_modules\mysql\lib\Connection.js:526:10)
    at Socket.emit (node:events:513:28)
    at Socket.emit (node:domain:489:12)
    --------------------
    at Pool.query (C:\Users\Owner\Desktop\Studies\Practice after studies\Task Board\Task Board\Backend\node_modules\mysql\lib\Pool.js:199:23)
    at C:\Users\Owner\Desktop\Studies\Practice after studies\Task Board\Task Board\Backend\src\2-utils\dal.ts:14:20
    at new Promise (<anonymous>)
    at Object.execute (C:\Users\Owner\Desktop\Studies\Practice after studies\Task Board\Task Board\Backend\src\2-utils\dal.ts:13:12)
    at Object.<anonymous> (C:\Users\Owner\Desktop\Studies\Practice after studies\Task Board\Task Board\Backend\src\5-logic\task-logic.ts:33:37)
    at step (C:\Users\Owner\Desktop\Studies\Practice after studies\Task Board\Task Board\Backend\src\5-logic\task-logic.ts:33:23)
    at Object.next (C:\Users\Owner\Desktop\Studies\Practice after studies\Task Board\Task Board\Backend\src\5-logic\task-logic.ts:14:53)
    at C:\Users\Owner\Desktop\Studies\Practice after studies\Task Board\Task Board\Backend\src\5-logic\task-logic.ts:8:71
    at new Promise (<anonymous>)
    at __awaiter (C:\Users\Owner\Desktop\Studies\Practice after studies\Task Board\Task Board\Backend\src\5-logic\task-logic.ts:4:12)
----------------------------------------------------------------------------------------------------
Wed, 08 Nov 2023 12:04:57 GMT
cathAll error
Stack: Error: ER_PARSE_ERROR: You have an error in your SQL syntax; check the manual that corresponds to your MariaDB server version for the right syntax to use near '?' at line 5
    at Query.Sequence._packetToError (C:\Users\Owner\Desktop\Studies\Practice after studies\Task Board\Task Board\Backend\node_modules\mysql\lib\protocol\sequences\Sequence.js:47:14)
    at Query.ErrorPacket (C:\Users\Owner\Desktop\Studies\Practice after studies\Task Board\Task Board\Backend\node_modules\mysql\lib\protocol\sequences\Query.js:79:18)
    at Protocol._parsePacket (C:\Users\Owner\Desktop\Studies\Practice after studies\Task Board\Task Board\Backend\node_modules\mysql\lib\protocol\Protocol.js:291:23)
    at Parser._parsePacket (C:\Users\Owner\Desktop\Studies\Practice after studies\Task Board\Task Board\Backend\node_modules\mysql\lib\protocol\Parser.js:433:10)
    at Parser.write (C:\Users\Owner\Desktop\Studies\Practice after studies\Task Board\Task Board\Backend\node_modules\mysql\lib\protocol\Parser.js:43:10)
    at Protocol.write (C:\Users\Owner\Desktop\Studies\Practice after studies\Task Board\Task Board\Backend\node_modules\mysql\lib\protocol\Protocol.js:38:16)
    at Socket.<anonymous> (C:\Users\Owner\Desktop\Studies\Practice after studies\Task Board\Task Board\Backend\node_modules\mysql\lib\Connection.js:88:28)
    at Socket.<anonymous> (C:\Users\Owner\Desktop\Studies\Practice after studies\Task Board\Task Board\Backend\node_modules\mysql\lib\Connection.js:526:10)
    at Socket.emit (node:events:513:28)
    at Socket.emit (node:domain:489:12)
    --------------------
    at Pool.query (C:\Users\Owner\Desktop\Studies\Practice after studies\Task Board\Task Board\Backend\node_modules\mysql\lib\Pool.js:199:23)
    at C:\Users\Owner\Desktop\Studies\Practice after studies\Task Board\Task Board\Backend\src\2-utils\dal.ts:14:20
    at new Promise (<anonymous>)
    at Object.execute (C:\Users\Owner\Desktop\Studies\Practice after studies\Task Board\Task Board\Backend\src\2-utils\dal.ts:13:12)
    at Object.<anonymous> (C:\Users\Owner\Desktop\Studies\Practice after studies\Task Board\Task Board\Backend\src\5-logic\task-logic.ts:33:37)
    at step (C:\Users\Owner\Desktop\Studies\Practice after studies\Task Board\Task Board\Backend\src\5-logic\task-logic.ts:33:23)
    at Object.next (C:\Users\Owner\Desktop\Studies\Practice after studies\Task Board\Task Board\Backend\src\5-logic\task-logic.ts:14:53)
    at C:\Users\Owner\Desktop\Studies\Practice after studies\Task Board\Task Board\Backend\src\5-logic\task-logic.ts:8:71
    at new Promise (<anonymous>)
    at __awaiter (C:\Users\Owner\Desktop\Studies\Practice after studies\Task Board\Task Board\Backend\src\5-logic\task-logic.ts:4:12)
----------------------------------------------------------------------------------------------------
Wed, 08 Nov 2023 12:05:02 GMT
cathAll error
Stack: Error: ER_PARSE_ERROR: You have an error in your SQL syntax; check the manual that corresponds to your MariaDB server version for the right syntax to use near '?' at line 5
    at Query.Sequence._packetToError (C:\Users\Owner\Desktop\Studies\Practice after studies\Task Board\Task Board\Backend\node_modules\mysql\lib\protocol\sequences\Sequence.js:47:14)
    at Query.ErrorPacket (C:\Users\Owner\Desktop\Studies\Practice after studies\Task Board\Task Board\Backend\node_modules\mysql\lib\protocol\sequences\Query.js:79:18)
    at Protocol._parsePacket (C:\Users\Owner\Desktop\Studies\Practice after studies\Task Board\Task Board\Backend\node_modules\mysql\lib\protocol\Protocol.js:291:23)
    at Parser._parsePacket (C:\Users\Owner\Desktop\Studies\Practice after studies\Task Board\Task Board\Backend\node_modules\mysql\lib\protocol\Parser.js:433:10)
    at Parser.write (C:\Users\Owner\Desktop\Studies\Practice after studies\Task Board\Task Board\Backend\node_modules\mysql\lib\protocol\Parser.js:43:10)
    at Protocol.write (C:\Users\Owner\Desktop\Studies\Practice after studies\Task Board\Task Board\Backend\node_modules\mysql\lib\protocol\Protocol.js:38:16)
    at Socket.<anonymous> (C:\Users\Owner\Desktop\Studies\Practice after studies\Task Board\Task Board\Backend\node_modules\mysql\lib\Connection.js:88:28)
    at Socket.<anonymous> (C:\Users\Owner\Desktop\Studies\Practice after studies\Task Board\Task Board\Backend\node_modules\mysql\lib\Connection.js:526:10)
    at Socket.emit (node:events:513:28)
    at Socket.emit (node:domain:489:12)
    --------------------
    at Pool.query (C:\Users\Owner\Desktop\Studies\Practice after studies\Task Board\Task Board\Backend\node_modules\mysql\lib\Pool.js:199:23)
    at C:\Users\Owner\Desktop\Studies\Practice after studies\Task Board\Task Board\Backend\src\2-utils\dal.ts:14:20
    at new Promise (<anonymous>)
    at Object.execute (C:\Users\Owner\Desktop\Studies\Practice after studies\Task Board\Task Board\Backend\src\2-utils\dal.ts:13:12)
    at Object.<anonymous> (C:\Users\Owner\Desktop\Studies\Practice after studies\Task Board\Task Board\Backend\src\5-logic\task-logic.ts:33:37)
    at step (C:\Users\Owner\Desktop\Studies\Practice after studies\Task Board\Task Board\Backend\src\5-logic\task-logic.ts:33:23)
    at Object.next (C:\Users\Owner\Desktop\Studies\Practice after studies\Task Board\Task Board\Backend\src\5-logic\task-logic.ts:14:53)
    at C:\Users\Owner\Desktop\Studies\Practice after studies\Task Board\Task Board\Backend\src\5-logic\task-logic.ts:8:71
    at new Promise (<anonymous>)
    at __awaiter (C:\Users\Owner\Desktop\Studies\Practice after studies\Task Board\Task Board\Backend\src\5-logic\task-logic.ts:4:12)
----------------------------------------------------------------------------------------------------
Thu, 09 Nov 2023 09:41:55 GMT
cathAll error
Stack: Error: ER_PARSE_ERROR: You have an error in your SQL syntax; check the manual that corresponds to your MariaDB server version for the right syntax to use near '?' at line 5
    at Query.Sequence._packetToError (C:\Users\Owner\Desktop\Studies\Practice after studies\Task Board\Task Board\Backend\node_modules\mysql\lib\protocol\sequences\Sequence.js:47:14)
    at Query.ErrorPacket (C:\Users\Owner\Desktop\Studies\Practice after studies\Task Board\Task Board\Backend\node_modules\mysql\lib\protocol\sequences\Query.js:79:18)
    at Protocol._parsePacket (C:\Users\Owner\Desktop\Studies\Practice after studies\Task Board\Task Board\Backend\node_modules\mysql\lib\protocol\Protocol.js:291:23)
    at Parser._parsePacket (C:\Users\Owner\Desktop\Studies\Practice after studies\Task Board\Task Board\Backend\node_modules\mysql\lib\protocol\Parser.js:433:10)
    at Parser.write (C:\Users\Owner\Desktop\Studies\Practice after studies\Task Board\Task Board\Backend\node_modules\mysql\lib\protocol\Parser.js:43:10)
    at Protocol.write (C:\Users\Owner\Desktop\Studies\Practice after studies\Task Board\Task Board\Backend\node_modules\mysql\lib\protocol\Protocol.js:38:16)
    at Socket.<anonymous> (C:\Users\Owner\Desktop\Studies\Practice after studies\Task Board\Task Board\Backend\node_modules\mysql\lib\Connection.js:88:28)
    at Socket.<anonymous> (C:\Users\Owner\Desktop\Studies\Practice after studies\Task Board\Task Board\Backend\node_modules\mysql\lib\Connection.js:526:10)
    at Socket.emit (node:events:513:28)
    at Socket.emit (node:domain:489:12)
    --------------------
    at Pool.query (C:\Users\Owner\Desktop\Studies\Practice after studies\Task Board\Task Board\Backend\node_modules\mysql\lib\Pool.js:199:23)
    at C:\Users\Owner\Desktop\Studies\Practice after studies\Task Board\Task Board\Backend\src\2-utils\dal.ts:14:20
    at new Promise (<anonymous>)
    at Object.execute (C:\Users\Owner\Desktop\Studies\Practice after studies\Task Board\Task Board\Backend\src\2-utils\dal.ts:13:12)
    at Object.<anonymous> (C:\Users\Owner\Desktop\Studies\Practice after studies\Task Board\Task Board\Backend\src\5-logic\task-logic.ts:33:37)
    at step (C:\Users\Owner\Desktop\Studies\Practice after studies\Task Board\Task Board\Backend\src\5-logic\task-logic.ts:33:23)
    at Object.next (C:\Users\Owner\Desktop\Studies\Practice after studies\Task Board\Task Board\Backend\src\5-logic\task-logic.ts:14:53)
    at C:\Users\Owner\Desktop\Studies\Practice after studies\Task Board\Task Board\Backend\src\5-logic\task-logic.ts:8:71
    at new Promise (<anonymous>)
    at __awaiter (C:\Users\Owner\Desktop\Studies\Practice after studies\Task Board\Task Board\Backend\src\5-logic\task-logic.ts:4:12)
----------------------------------------------------------------------------------------------------
Thu, 09 Nov 2023 09:45:50 GMT
cathAll error
Stack: Error: ER_PARSE_ERROR: You have an error in your SQL syntax; check the manual that corresponds to your MariaDB server version for the right syntax to use near '?' at line 4
    at Query.Sequence._packetToError (C:\Users\Owner\Desktop\Studies\Practice after studies\Task Board\Task Board\Backend\node_modules\mysql\lib\protocol\sequences\Sequence.js:47:14)
    at Query.ErrorPacket (C:\Users\Owner\Desktop\Studies\Practice after studies\Task Board\Task Board\Backend\node_modules\mysql\lib\protocol\sequences\Query.js:79:18)
    at Protocol._parsePacket (C:\Users\Owner\Desktop\Studies\Practice after studies\Task Board\Task Board\Backend\node_modules\mysql\lib\protocol\Protocol.js:291:23)
    at Parser._parsePacket (C:\Users\Owner\Desktop\Studies\Practice after studies\Task Board\Task Board\Backend\node_modules\mysql\lib\protocol\Parser.js:433:10)
    at Parser.write (C:\Users\Owner\Desktop\Studies\Practice after studies\Task Board\Task Board\Backend\node_modules\mysql\lib\protocol\Parser.js:43:10)
    at Protocol.write (C:\Users\Owner\Desktop\Studies\Practice after studies\Task Board\Task Board\Backend\node_modules\mysql\lib\protocol\Protocol.js:38:16)
    at Socket.<anonymous> (C:\Users\Owner\Desktop\Studies\Practice after studies\Task Board\Task Board\Backend\node_modules\mysql\lib\Connection.js:88:28)
    at Socket.<anonymous> (C:\Users\Owner\Desktop\Studies\Practice after studies\Task Board\Task Board\Backend\node_modules\mysql\lib\Connection.js:526:10)
    at Socket.emit (node:events:513:28)
    at Socket.emit (node:domain:489:12)
    --------------------
    at Pool.query (C:\Users\Owner\Desktop\Studies\Practice after studies\Task Board\Task Board\Backend\node_modules\mysql\lib\Pool.js:199:23)
    at C:\Users\Owner\Desktop\Studies\Practice after studies\Task Board\Task Board\Backend\src\2-utils\dal.ts:14:20
    at new Promise (<anonymous>)
    at Object.execute (C:\Users\Owner\Desktop\Studies\Practice after studies\Task Board\Task Board\Backend\src\2-utils\dal.ts:13:12)
    at Object.<anonymous> (C:\Users\Owner\Desktop\Studies\Practice after studies\Task Board\Task Board\Backend\src\5-logic\task-logic.ts:33:37)
    at step (C:\Users\Owner\Desktop\Studies\Practice after studies\Task Board\Task Board\Backend\src\5-logic\task-logic.ts:33:23)
    at Object.next (C:\Users\Owner\Desktop\Studies\Practice after studies\Task Board\Task Board\Backend\src\5-logic\task-logic.ts:14:53)
    at C:\Users\Owner\Desktop\Studies\Practice after studies\Task Board\Task Board\Backend\src\5-logic\task-logic.ts:8:71
    at new Promise (<anonymous>)
    at __awaiter (C:\Users\Owner\Desktop\Studies\Practice after studies\Task Board\Task Board\Backend\src\5-logic\task-logic.ts:4:12)
----------------------------------------------------------------------------------------------------
Thu, 09 Nov 2023 11:52:24 GMT
cathAll error
Stack: Error: ER_PARSE_ERROR: You have an error in your SQL syntax; check the manual that corresponds to your MariaDB server version for the right syntax to use near '?,
        ?,
        ?,
        ?,
        ?
    )' at line 4
    at Query.Sequence._packetToError (C:\Users\Owner\Desktop\Studies\Practice after studies\Task Board\Task Board\Backend\node_modules\mysql\lib\protocol\sequences\Sequence.js:47:14)
    at Query.ErrorPacket (C:\Users\Owner\Desktop\Studies\Practice after studies\Task Board\Task Board\Backend\node_modules\mysql\lib\protocol\sequences\Query.js:79:18)
    at Protocol._parsePacket (C:\Users\Owner\Desktop\Studies\Practice after studies\Task Board\Task Board\Backend\node_modules\mysql\lib\protocol\Protocol.js:291:23)
    at Parser._parsePacket (C:\Users\Owner\Desktop\Studies\Practice after studies\Task Board\Task Board\Backend\node_modules\mysql\lib\protocol\Parser.js:433:10)
    at Parser.write (C:\Users\Owner\Desktop\Studies\Practice after studies\Task Board\Task Board\Backend\node_modules\mysql\lib\protocol\Parser.js:43:10)
    at Protocol.write (C:\Users\Owner\Desktop\Studies\Practice after studies\Task Board\Task Board\Backend\node_modules\mysql\lib\protocol\Protocol.js:38:16)
    at Socket.<anonymous> (C:\Users\Owner\Desktop\Studies\Practice after studies\Task Board\Task Board\Backend\node_modules\mysql\lib\Connection.js:88:28)
    at Socket.<anonymous> (C:\Users\Owner\Desktop\Studies\Practice after studies\Task Board\Task Board\Backend\node_modules\mysql\lib\Connection.js:526:10)
    at Socket.emit (node:events:513:28)
    at Socket.emit (node:domain:489:12)
    --------------------
    at Pool.query (C:\Users\Owner\Desktop\Studies\Practice after studies\Task Board\Task Board\Backend\node_modules\mysql\lib\Pool.js:199:23)
    at C:\Users\Owner\Desktop\Studies\Practice after studies\Task Board\Task Board\Backend\src\2-utils\dal.ts:14:20
    at new Promise (<anonymous>)
    at Object.execute (C:\Users\Owner\Desktop\Studies\Practice after studies\Task Board\Task Board\Backend\src\2-utils\dal.ts:13:12)
    at Object.<anonymous> (C:\Users\Owner\Desktop\Studies\Practice after studies\Task Board\Task Board\Backend\src\5-logic\task-logic.ts:65:35)
    at step (C:\Users\Owner\Desktop\Studies\Practice after studies\Task Board\Task Board\Backend\src\5-logic\task-logic.ts:33:23)
    at Object.next (C:\Users\Owner\Desktop\Studies\Practice after studies\Task Board\Task Board\Backend\src\5-logic\task-logic.ts:14:53)
    at C:\Users\Owner\Desktop\Studies\Practice after studies\Task Board\Task Board\Backend\src\5-logic\task-logic.ts:8:71
    at new Promise (<anonymous>)
    at __awaiter (C:\Users\Owner\Desktop\Studies\Practice after studies\Task Board\Task Board\Backend\src\5-logic\task-logic.ts:4:12)
----------------------------------------------------------------------------------------------------
Thu, 09 Nov 2023 12:09:57 GMT
cathAll error
Stack: Error: ER_PARSE_ERROR: You have an error in your SQL syntax; check the manual that corresponds to your MariaDB server version for the right syntax to use near '?,
        ?,
        ?,
        ?,
        ?,
    )' at line 4
    at Query.Sequence._packetToError (C:\Users\Owner\Desktop\Studies\Practice after studies\Task Board\Task Board\Backend\node_modules\mysql\lib\protocol\sequences\Sequence.js:47:14)
    at Query.ErrorPacket (C:\Users\Owner\Desktop\Studies\Practice after studies\Task Board\Task Board\Backend\node_modules\mysql\lib\protocol\sequences\Query.js:79:18)
    at Protocol._parsePacket (C:\Users\Owner\Desktop\Studies\Practice after studies\Task Board\Task Board\Backend\node_modules\mysql\lib\protocol\Protocol.js:291:23)
    at Parser._parsePacket (C:\Users\Owner\Desktop\Studies\Practice after studies\Task Board\Task Board\Backend\node_modules\mysql\lib\protocol\Parser.js:433:10)
    at Parser.write (C:\Users\Owner\Desktop\Studies\Practice after studies\Task Board\Task Board\Backend\node_modules\mysql\lib\protocol\Parser.js:43:10)
    at Protocol.write (C:\Users\Owner\Desktop\Studies\Practice after studies\Task Board\Task Board\Backend\node_modules\mysql\lib\protocol\Protocol.js:38:16)
    at Socket.<anonymous> (C:\Users\Owner\Desktop\Studies\Practice after studies\Task Board\Task Board\Backend\node_modules\mysql\lib\Connection.js:88:28)
    at Socket.<anonymous> (C:\Users\Owner\Desktop\Studies\Practice after studies\Task Board\Task Board\Backend\node_modules\mysql\lib\Connection.js:526:10)
    at Socket.emit (node:events:513:28)
    at Socket.emit (node:domain:489:12)
    --------------------
    at Pool.query (C:\Users\Owner\Desktop\Studies\Practice after studies\Task Board\Task Board\Backend\node_modules\mysql\lib\Pool.js:199:23)
    at C:\Users\Owner\Desktop\Studies\Practice after studies\Task Board\Task Board\Backend\src\2-utils\dal.ts:14:20
    at new Promise (<anonymous>)
    at Object.execute (C:\Users\Owner\Desktop\Studies\Practice after studies\Task Board\Task Board\Backend\src\2-utils\dal.ts:13:12)
    at Object.<anonymous> (C:\Users\Owner\Desktop\Studies\Practice after studies\Task Board\Task Board\Backend\src\5-logic\task-logic.ts:65:35)
    at step (C:\Users\Owner\Desktop\Studies\Practice after studies\Task Board\Task Board\Backend\src\5-logic\task-logic.ts:33:23)
    at Object.next (C:\Users\Owner\Desktop\Studies\Practice after studies\Task Board\Task Board\Backend\src\5-logic\task-logic.ts:14:53)
    at C:\Users\Owner\Desktop\Studies\Practice after studies\Task Board\Task Board\Backend\src\5-logic\task-logic.ts:8:71
    at new Promise (<anonymous>)
    at __awaiter (C:\Users\Owner\Desktop\Studies\Practice after studies\Task Board\Task Board\Backend\src\5-logic\task-logic.ts:4:12)
----------------------------------------------------------------------------------------------------
Thu, 09 Nov 2023 12:10:01 GMT
cathAll error
Stack: Error: ER_PARSE_ERROR: You have an error in your SQL syntax; check the manual that corresponds to your MariaDB server version for the right syntax to use near '?,
        ?,
        ?,
        ?,
        ?,
    )' at line 4
    at Query.Sequence._packetToError (C:\Users\Owner\Desktop\Studies\Practice after studies\Task Board\Task Board\Backend\node_modules\mysql\lib\protocol\sequences\Sequence.js:47:14)
    at Query.ErrorPacket (C:\Users\Owner\Desktop\Studies\Practice after studies\Task Board\Task Board\Backend\node_modules\mysql\lib\protocol\sequences\Query.js:79:18)
    at Protocol._parsePacket (C:\Users\Owner\Desktop\Studies\Practice after studies\Task Board\Task Board\Backend\node_modules\mysql\lib\protocol\Protocol.js:291:23)
    at Parser._parsePacket (C:\Users\Owner\Desktop\Studies\Practice after studies\Task Board\Task Board\Backend\node_modules\mysql\lib\protocol\Parser.js:433:10)
    at Parser.write (C:\Users\Owner\Desktop\Studies\Practice after studies\Task Board\Task Board\Backend\node_modules\mysql\lib\protocol\Parser.js:43:10)
    at Protocol.write (C:\Users\Owner\Desktop\Studies\Practice after studies\Task Board\Task Board\Backend\node_modules\mysql\lib\protocol\Protocol.js:38:16)
    at Socket.<anonymous> (C:\Users\Owner\Desktop\Studies\Practice after studies\Task Board\Task Board\Backend\node_modules\mysql\lib\Connection.js:88:28)
    at Socket.<anonymous> (C:\Users\Owner\Desktop\Studies\Practice after studies\Task Board\Task Board\Backend\node_modules\mysql\lib\Connection.js:526:10)
    at Socket.emit (node:events:513:28)
    at Socket.emit (node:domain:489:12)
    --------------------
    at Pool.query (C:\Users\Owner\Desktop\Studies\Practice after studies\Task Board\Task Board\Backend\node_modules\mysql\lib\Pool.js:199:23)
    at C:\Users\Owner\Desktop\Studies\Practice after studies\Task Board\Task Board\Backend\src\2-utils\dal.ts:14:20
    at new Promise (<anonymous>)
    at Object.execute (C:\Users\Owner\Desktop\Studies\Practice after studies\Task Board\Task Board\Backend\src\2-utils\dal.ts:13:12)
    at Object.<anonymous> (C:\Users\Owner\Desktop\Studies\Practice after studies\Task Board\Task Board\Backend\src\5-logic\task-logic.ts:65:35)
    at step (C:\Users\Owner\Desktop\Studies\Practice after studies\Task Board\Task Board\Backend\src\5-logic\task-logic.ts:33:23)
    at Object.next (C:\Users\Owner\Desktop\Studies\Practice after studies\Task Board\Task Board\Backend\src\5-logic\task-logic.ts:14:53)
    at C:\Users\Owner\Desktop\Studies\Practice after studies\Task Board\Task Board\Backend\src\5-logic\task-logic.ts:8:71
    at new Promise (<anonymous>)
    at __awaiter (C:\Users\Owner\Desktop\Studies\Practice after studies\Task Board\Task Board\Backend\src\5-logic\task-logic.ts:4:12)
----------------------------------------------------------------------------------------------------
Thu, 09 Nov 2023 12:10:30 GMT
cathAll error
Stack: Error: ER_PARSE_ERROR: You have an error in your SQL syntax; check the manual that corresponds to your MariaDB server version for the right syntax to use near 'Add credit clearance 2', 1, 'Almost Done', '2023-11-21T22:00:00.000Z', 'mediu...' at line 3
    at Query.Sequence._packetToError (C:\Users\Owner\Desktop\Studies\Practice after studies\Task Board\Task Board\Backend\node_modules\mysql\lib\protocol\sequences\Sequence.js:47:14)
    at Query.ErrorPacket (C:\Users\Owner\Desktop\Studies\Practice after studies\Task Board\Task Board\Backend\node_modules\mysql\lib\protocol\sequences\Query.js:79:18)
    at Protocol._parsePacket (C:\Users\Owner\Desktop\Studies\Practice after studies\Task Board\Task Board\Backend\node_modules\mysql\lib\protocol\Protocol.js:291:23)
    at Parser._parsePacket (C:\Users\Owner\Desktop\Studies\Practice after studies\Task Board\Task Board\Backend\node_modules\mysql\lib\protocol\Parser.js:433:10)
    at Parser.write (C:\Users\Owner\Desktop\Studies\Practice after studies\Task Board\Task Board\Backend\node_modules\mysql\lib\protocol\Parser.js:43:10)
    at Protocol.write (C:\Users\Owner\Desktop\Studies\Practice after studies\Task Board\Task Board\Backend\node_modules\mysql\lib\protocol\Protocol.js:38:16)
    at Socket.<anonymous> (C:\Users\Owner\Desktop\Studies\Practice after studies\Task Board\Task Board\Backend\node_modules\mysql\lib\Connection.js:88:28)
    at Socket.<anonymous> (C:\Users\Owner\Desktop\Studies\Practice after studies\Task Board\Task Board\Backend\node_modules\mysql\lib\Connection.js:526:10)
    at Socket.emit (node:events:513:28)
    at Socket.emit (node:domain:489:12)
    --------------------
    at Pool.query (C:\Users\Owner\Desktop\Studies\Practice after studies\Task Board\Task Board\Backend\node_modules\mysql\lib\Pool.js:199:23)
    at C:\Users\Owner\Desktop\Studies\Practice after studies\Task Board\Task Board\Backend\src\2-utils\dal.ts:14:20
    at new Promise (<anonymous>)
    at Object.execute (C:\Users\Owner\Desktop\Studies\Practice after studies\Task Board\Task Board\Backend\src\2-utils\dal.ts:13:12)
    at Object.<anonymous> (C:\Users\Owner\Desktop\Studies\Practice after studies\Task Board\Task Board\Backend\src\5-logic\task-logic.ts:65:35)
    at step (C:\Users\Owner\Desktop\Studies\Practice after studies\Task Board\Task Board\Backend\src\5-logic\task-logic.ts:33:23)
    at Object.next (C:\Users\Owner\Desktop\Studies\Practice after studies\Task Board\Task Board\Backend\src\5-logic\task-logic.ts:14:53)
    at C:\Users\Owner\Desktop\Studies\Practice after studies\Task Board\Task Board\Backend\src\5-logic\task-logic.ts:8:71
    at new Promise (<anonymous>)
    at __awaiter (C:\Users\Owner\Desktop\Studies\Practice after studies\Task Board\Task Board\Backend\src\5-logic\task-logic.ts:4:12)
----------------------------------------------------------------------------------------------------
Thu, 09 Nov 2023 12:11:03 GMT
cathAll error
Stack: Error: ER_PARSE_ERROR: You have an error in your SQL syntax; check the manual that corresponds to your MariaDB server version for the right syntax to use near 'Add credit clearance 2', 1, 'Almost Done', '2023-11-21T22:00:00.000Z', 'mediu...' at line 3
    at Query.Sequence._packetToError (C:\Users\Owner\Desktop\Studies\Practice after studies\Task Board\Task Board\Backend\node_modules\mysql\lib\protocol\sequences\Sequence.js:47:14)
    at Query.ErrorPacket (C:\Users\Owner\Desktop\Studies\Practice after studies\Task Board\Task Board\Backend\node_modules\mysql\lib\protocol\sequences\Query.js:79:18)
    at Protocol._parsePacket (C:\Users\Owner\Desktop\Studies\Practice after studies\Task Board\Task Board\Backend\node_modules\mysql\lib\protocol\Protocol.js:291:23)
    at Parser._parsePacket (C:\Users\Owner\Desktop\Studies\Practice after studies\Task Board\Task Board\Backend\node_modules\mysql\lib\protocol\Parser.js:433:10)
    at Parser.write (C:\Users\Owner\Desktop\Studies\Practice after studies\Task Board\Task Board\Backend\node_modules\mysql\lib\protocol\Parser.js:43:10)
    at Protocol.write (C:\Users\Owner\Desktop\Studies\Practice after studies\Task Board\Task Board\Backend\node_modules\mysql\lib\protocol\Protocol.js:38:16)
    at Socket.<anonymous> (C:\Users\Owner\Desktop\Studies\Practice after studies\Task Board\Task Board\Backend\node_modules\mysql\lib\Connection.js:88:28)
    at Socket.<anonymous> (C:\Users\Owner\Desktop\Studies\Practice after studies\Task Board\Task Board\Backend\node_modules\mysql\lib\Connection.js:526:10)
    at Socket.emit (node:events:513:28)
    at Socket.emit (node:domain:489:12)
    --------------------
    at Pool.query (C:\Users\Owner\Desktop\Studies\Practice after studies\Task Board\Task Board\Backend\node_modules\mysql\lib\Pool.js:199:23)
    at C:\Users\Owner\Desktop\Studies\Practice after studies\Task Board\Task Board\Backend\src\2-utils\dal.ts:14:20
    at new Promise (<anonymous>)
    at Object.execute (C:\Users\Owner\Desktop\Studies\Practice after studies\Task Board\Task Board\Backend\src\2-utils\dal.ts:13:12)
    at Object.<anonymous> (C:\Users\Owner\Desktop\Studies\Practice after studies\Task Board\Task Board\Backend\src\5-logic\task-logic.ts:65:35)
    at step (C:\Users\Owner\Desktop\Studies\Practice after studies\Task Board\Task Board\Backend\src\5-logic\task-logic.ts:33:23)
    at Object.next (C:\Users\Owner\Desktop\Studies\Practice after studies\Task Board\Task Board\Backend\src\5-logic\task-logic.ts:14:53)
    at C:\Users\Owner\Desktop\Studies\Practice after studies\Task Board\Task Board\Backend\src\5-logic\task-logic.ts:8:71
    at new Promise (<anonymous>)
    at __awaiter (C:\Users\Owner\Desktop\Studies\Practice after studies\Task Board\Task Board\Backend\src\5-logic\task-logic.ts:4:12)
----------------------------------------------------------------------------------------------------
Thu, 09 Nov 2023 12:13:07 GMT
cathAll error
Stack: Error: ER_PARSE_ERROR: You have an error in your SQL syntax; check the manual that corresponds to your MariaDB server version for the right syntax to use near '?,
        ?,
        ?,
        ?,
        ?
    )' at line 4
    at Query.Sequence._packetToError (C:\Users\Owner\Desktop\Studies\Practice after studies\Task Board\Task Board\Backend\node_modules\mysql\lib\protocol\sequences\Sequence.js:47:14)
    at Query.ErrorPacket (C:\Users\Owner\Desktop\Studies\Practice after studies\Task Board\Task Board\Backend\node_modules\mysql\lib\protocol\sequences\Query.js:79:18)
    at Protocol._parsePacket (C:\Users\Owner\Desktop\Studies\Practice after studies\Task Board\Task Board\Backend\node_modules\mysql\lib\protocol\Protocol.js:291:23)
    at Parser._parsePacket (C:\Users\Owner\Desktop\Studies\Practice after studies\Task Board\Task Board\Backend\node_modules\mysql\lib\protocol\Parser.js:433:10)
    at Parser.write (C:\Users\Owner\Desktop\Studies\Practice after studies\Task Board\Task Board\Backend\node_modules\mysql\lib\protocol\Parser.js:43:10)
    at Protocol.write (C:\Users\Owner\Desktop\Studies\Practice after studies\Task Board\Task Board\Backend\node_modules\mysql\lib\protocol\Protocol.js:38:16)
    at Socket.<anonymous> (C:\Users\Owner\Desktop\Studies\Practice after studies\Task Board\Task Board\Backend\node_modules\mysql\lib\Connection.js:88:28)
    at Socket.<anonymous> (C:\Users\Owner\Desktop\Studies\Practice after studies\Task Board\Task Board\Backend\node_modules\mysql\lib\Connection.js:526:10)
    at Socket.emit (node:events:513:28)
    at Socket.emit (node:domain:489:12)
    --------------------
    at Pool.query (C:\Users\Owner\Desktop\Studies\Practice after studies\Task Board\Task Board\Backend\node_modules\mysql\lib\Pool.js:199:23)
    at C:\Users\Owner\Desktop\Studies\Practice after studies\Task Board\Task Board\Backend\src\2-utils\dal.ts:14:20
    at new Promise (<anonymous>)
    at Object.execute (C:\Users\Owner\Desktop\Studies\Practice after studies\Task Board\Task Board\Backend\src\2-utils\dal.ts:13:12)
    at Object.<anonymous> (C:\Users\Owner\Desktop\Studies\Practice after studies\Task Board\Task Board\Backend\src\5-logic\task-logic.ts:65:35)
    at step (C:\Users\Owner\Desktop\Studies\Practice after studies\Task Board\Task Board\Backend\src\5-logic\task-logic.ts:33:23)
    at Object.next (C:\Users\Owner\Desktop\Studies\Practice after studies\Task Board\Task Board\Backend\src\5-logic\task-logic.ts:14:53)
    at C:\Users\Owner\Desktop\Studies\Practice after studies\Task Board\Task Board\Backend\src\5-logic\task-logic.ts:8:71
    at new Promise (<anonymous>)
    at __awaiter (C:\Users\Owner\Desktop\Studies\Practice after studies\Task Board\Task Board\Backend\src\5-logic\task-logic.ts:4:12)
----------------------------------------------------------------------------------------------------
Thu, 09 Nov 2023 12:15:53 GMT
cathAll error
Stack: Error: ER_PARSE_ERROR: You have an error in your SQL syntax; check the manual that corresponds to your MariaDB server version for the right syntax to use near '?,
        ?,
        ?,
        ?,
        ?
    )' at line 4
    at Query.Sequence._packetToError (C:\Users\Owner\Desktop\Studies\Practice after studies\Task Board\Task Board\Backend\node_modules\mysql\lib\protocol\sequences\Sequence.js:47:14)
    at Query.ErrorPacket (C:\Users\Owner\Desktop\Studies\Practice after studies\Task Board\Task Board\Backend\node_modules\mysql\lib\protocol\sequences\Query.js:79:18)
    at Protocol._parsePacket (C:\Users\Owner\Desktop\Studies\Practice after studies\Task Board\Task Board\Backend\node_modules\mysql\lib\protocol\Protocol.js:291:23)
    at Parser._parsePacket (C:\Users\Owner\Desktop\Studies\Practice after studies\Task Board\Task Board\Backend\node_modules\mysql\lib\protocol\Parser.js:433:10)
    at Parser.write (C:\Users\Owner\Desktop\Studies\Practice after studies\Task Board\Task Board\Backend\node_modules\mysql\lib\protocol\Parser.js:43:10)
    at Protocol.write (C:\Users\Owner\Desktop\Studies\Practice after studies\Task Board\Task Board\Backend\node_modules\mysql\lib\protocol\Protocol.js:38:16)
    at Socket.<anonymous> (C:\Users\Owner\Desktop\Studies\Practice after studies\Task Board\Task Board\Backend\node_modules\mysql\lib\Connection.js:88:28)
    at Socket.<anonymous> (C:\Users\Owner\Desktop\Studies\Practice after studies\Task Board\Task Board\Backend\node_modules\mysql\lib\Connection.js:526:10)
    at Socket.emit (node:events:513:28)
    at Socket.emit (node:domain:489:12)
    --------------------
    at Pool.query (C:\Users\Owner\Desktop\Studies\Practice after studies\Task Board\Task Board\Backend\node_modules\mysql\lib\Pool.js:199:23)
    at C:\Users\Owner\Desktop\Studies\Practice after studies\Task Board\Task Board\Backend\src\2-utils\dal.ts:14:20
    at new Promise (<anonymous>)
    at Object.execute (C:\Users\Owner\Desktop\Studies\Practice after studies\Task Board\Task Board\Backend\src\2-utils\dal.ts:13:12)
    at Object.<anonymous> (C:\Users\Owner\Desktop\Studies\Practice after studies\Task Board\Task Board\Backend\src\5-logic\task-logic.ts:65:35)
    at step (C:\Users\Owner\Desktop\Studies\Practice after studies\Task Board\Task Board\Backend\src\5-logic\task-logic.ts:33:23)
    at Object.next (C:\Users\Owner\Desktop\Studies\Practice after studies\Task Board\Task Board\Backend\src\5-logic\task-logic.ts:14:53)
    at C:\Users\Owner\Desktop\Studies\Practice after studies\Task Board\Task Board\Backend\src\5-logic\task-logic.ts:8:71
    at new Promise (<anonymous>)
    at __awaiter (C:\Users\Owner\Desktop\Studies\Practice after studies\Task Board\Task Board\Backend\src\5-logic\task-logic.ts:4:12)
----------------------------------------------------------------------------------------------------
Thu, 09 Nov 2023 12:15:58 GMT
cathAll error
Stack: Error: ER_PARSE_ERROR: You have an error in your SQL syntax; check the manual that corresponds to your MariaDB server version for the right syntax to use near '?,
        ?,
        ?,
        ?,
        ?
    )' at line 4
    at Query.Sequence._packetToError (C:\Users\Owner\Desktop\Studies\Practice after studies\Task Board\Task Board\Backend\node_modules\mysql\lib\protocol\sequences\Sequence.js:47:14)
    at Query.ErrorPacket (C:\Users\Owner\Desktop\Studies\Practice after studies\Task Board\Task Board\Backend\node_modules\mysql\lib\protocol\sequences\Query.js:79:18)
    at Protocol._parsePacket (C:\Users\Owner\Desktop\Studies\Practice after studies\Task Board\Task Board\Backend\node_modules\mysql\lib\protocol\Protocol.js:291:23)
    at Parser._parsePacket (C:\Users\Owner\Desktop\Studies\Practice after studies\Task Board\Task Board\Backend\node_modules\mysql\lib\protocol\Parser.js:433:10)
    at Parser.write (C:\Users\Owner\Desktop\Studies\Practice after studies\Task Board\Task Board\Backend\node_modules\mysql\lib\protocol\Parser.js:43:10)
    at Protocol.write (C:\Users\Owner\Desktop\Studies\Practice after studies\Task Board\Task Board\Backend\node_modules\mysql\lib\protocol\Protocol.js:38:16)
    at Socket.<anonymous> (C:\Users\Owner\Desktop\Studies\Practice after studies\Task Board\Task Board\Backend\node_modules\mysql\lib\Connection.js:88:28)
    at Socket.<anonymous> (C:\Users\Owner\Desktop\Studies\Practice after studies\Task Board\Task Board\Backend\node_modules\mysql\lib\Connection.js:526:10)
    at Socket.emit (node:events:513:28)
    at Socket.emit (node:domain:489:12)
    --------------------
    at Pool.query (C:\Users\Owner\Desktop\Studies\Practice after studies\Task Board\Task Board\Backend\node_modules\mysql\lib\Pool.js:199:23)
    at C:\Users\Owner\Desktop\Studies\Practice after studies\Task Board\Task Board\Backend\src\2-utils\dal.ts:14:20
    at new Promise (<anonymous>)
    at Object.execute (C:\Users\Owner\Desktop\Studies\Practice after studies\Task Board\Task Board\Backend\src\2-utils\dal.ts:13:12)
    at Object.<anonymous> (C:\Users\Owner\Desktop\Studies\Practice after studies\Task Board\Task Board\Backend\src\5-logic\task-logic.ts:65:35)
    at step (C:\Users\Owner\Desktop\Studies\Practice after studies\Task Board\Task Board\Backend\src\5-logic\task-logic.ts:33:23)
    at Object.next (C:\Users\Owner\Desktop\Studies\Practice after studies\Task Board\Task Board\Backend\src\5-logic\task-logic.ts:14:53)
    at C:\Users\Owner\Desktop\Studies\Practice after studies\Task Board\Task Board\Backend\src\5-logic\task-logic.ts:8:71
    at new Promise (<anonymous>)
    at __awaiter (C:\Users\Owner\Desktop\Studies\Practice after studies\Task Board\Task Board\Backend\src\5-logic\task-logic.ts:4:12)
----------------------------------------------------------------------------------------------------
Thu, 09 Nov 2023 12:15:59 GMT
cathAll error
Stack: Error: ER_PARSE_ERROR: You have an error in your SQL syntax; check the manual that corresponds to your MariaDB server version for the right syntax to use near '?,
        ?,
        ?,
        ?,
        ?
    )' at line 4
    at Query.Sequence._packetToError (C:\Users\Owner\Desktop\Studies\Practice after studies\Task Board\Task Board\Backend\node_modules\mysql\lib\protocol\sequences\Sequence.js:47:14)
    at Query.ErrorPacket (C:\Users\Owner\Desktop\Studies\Practice after studies\Task Board\Task Board\Backend\node_modules\mysql\lib\protocol\sequences\Query.js:79:18)
    at Protocol._parsePacket (C:\Users\Owner\Desktop\Studies\Practice after studies\Task Board\Task Board\Backend\node_modules\mysql\lib\protocol\Protocol.js:291:23)
    at Parser._parsePacket (C:\Users\Owner\Desktop\Studies\Practice after studies\Task Board\Task Board\Backend\node_modules\mysql\lib\protocol\Parser.js:433:10)
    at Parser.write (C:\Users\Owner\Desktop\Studies\Practice after studies\Task Board\Task Board\Backend\node_modules\mysql\lib\protocol\Parser.js:43:10)
    at Protocol.write (C:\Users\Owner\Desktop\Studies\Practice after studies\Task Board\Task Board\Backend\node_modules\mysql\lib\protocol\Protocol.js:38:16)
    at Socket.<anonymous> (C:\Users\Owner\Desktop\Studies\Practice after studies\Task Board\Task Board\Backend\node_modules\mysql\lib\Connection.js:88:28)
    at Socket.<anonymous> (C:\Users\Owner\Desktop\Studies\Practice after studies\Task Board\Task Board\Backend\node_modules\mysql\lib\Connection.js:526:10)
    at Socket.emit (node:events:513:28)
    at Socket.emit (node:domain:489:12)
    --------------------
    at Pool.query (C:\Users\Owner\Desktop\Studies\Practice after studies\Task Board\Task Board\Backend\node_modules\mysql\lib\Pool.js:199:23)
    at C:\Users\Owner\Desktop\Studies\Practice after studies\Task Board\Task Board\Backend\src\2-utils\dal.ts:14:20
    at new Promise (<anonymous>)
    at Object.execute (C:\Users\Owner\Desktop\Studies\Practice after studies\Task Board\Task Board\Backend\src\2-utils\dal.ts:13:12)
    at Object.<anonymous> (C:\Users\Owner\Desktop\Studies\Practice after studies\Task Board\Task Board\Backend\src\5-logic\task-logic.ts:65:35)
    at step (C:\Users\Owner\Desktop\Studies\Practice after studies\Task Board\Task Board\Backend\src\5-logic\task-logic.ts:33:23)
    at Object.next (C:\Users\Owner\Desktop\Studies\Practice after studies\Task Board\Task Board\Backend\src\5-logic\task-logic.ts:14:53)
    at C:\Users\Owner\Desktop\Studies\Practice after studies\Task Board\Task Board\Backend\src\5-logic\task-logic.ts:8:71
    at new Promise (<anonymous>)
    at __awaiter (C:\Users\Owner\Desktop\Studies\Practice after studies\Task Board\Task Board\Backend\src\5-logic\task-logic.ts:4:12)
----------------------------------------------------------------------------------------------------
Thu, 09 Nov 2023 12:22:14 GMT
cathAll error
Stack: Error: ER_PARSE_ERROR: You have an error in your SQL syntax; check the manual that corresponds to your MariaDB server version for the right syntax to use near '?,?,?,?,?)' at line 1
    at Query.Sequence._packetToError (C:\Users\Owner\Desktop\Studies\Practice after studies\Task Board\Task Board\Backend\node_modules\mysql\lib\protocol\sequences\Sequence.js:47:14)
    at Query.ErrorPacket (C:\Users\Owner\Desktop\Studies\Practice after studies\Task Board\Task Board\Backend\node_modules\mysql\lib\protocol\sequences\Query.js:79:18)
    at Protocol._parsePacket (C:\Users\Owner\Desktop\Studies\Practice after studies\Task Board\Task Board\Backend\node_modules\mysql\lib\protocol\Protocol.js:291:23)
    at Parser._parsePacket (C:\Users\Owner\Desktop\Studies\Practice after studies\Task Board\Task Board\Backend\node_modules\mysql\lib\protocol\Parser.js:433:10)
    at Parser.write (C:\Users\Owner\Desktop\Studies\Practice after studies\Task Board\Task Board\Backend\node_modules\mysql\lib\protocol\Parser.js:43:10)
    at Protocol.write (C:\Users\Owner\Desktop\Studies\Practice after studies\Task Board\Task Board\Backend\node_modules\mysql\lib\protocol\Protocol.js:38:16)
    at Socket.<anonymous> (C:\Users\Owner\Desktop\Studies\Practice after studies\Task Board\Task Board\Backend\node_modules\mysql\lib\Connection.js:88:28)
    at Socket.<anonymous> (C:\Users\Owner\Desktop\Studies\Practice after studies\Task Board\Task Board\Backend\node_modules\mysql\lib\Connection.js:526:10)
    at Socket.emit (node:events:513:28)
    at Socket.emit (node:domain:489:12)
    --------------------
    at Pool.query (C:\Users\Owner\Desktop\Studies\Practice after studies\Task Board\Task Board\Backend\node_modules\mysql\lib\Pool.js:199:23)
    at C:\Users\Owner\Desktop\Studies\Practice after studies\Task Board\Task Board\Backend\src\2-utils\dal.ts:14:20
    at new Promise (<anonymous>)
    at Object.execute (C:\Users\Owner\Desktop\Studies\Practice after studies\Task Board\Task Board\Backend\src\2-utils\dal.ts:13:12)
    at Object.<anonymous> (C:\Users\Owner\Desktop\Studies\Practice after studies\Task Board\Task Board\Backend\src\5-logic\task-logic.ts:57:35)
    at step (C:\Users\Owner\Desktop\Studies\Practice after studies\Task Board\Task Board\Backend\src\5-logic\task-logic.ts:33:23)
    at Object.next (C:\Users\Owner\Desktop\Studies\Practice after studies\Task Board\Task Board\Backend\src\5-logic\task-logic.ts:14:53)
    at C:\Users\Owner\Desktop\Studies\Practice after studies\Task Board\Task Board\Backend\src\5-logic\task-logic.ts:8:71
    at new Promise (<anonymous>)
    at __awaiter (C:\Users\Owner\Desktop\Studies\Practice after studies\Task Board\Task Board\Backend\src\5-logic\task-logic.ts:4:12)
----------------------------------------------------------------------------------------------------
Thu, 09 Nov 2023 12:22:17 GMT
cathAll error
Stack: Error: ER_PARSE_ERROR: You have an error in your SQL syntax; check the manual that corresponds to your MariaDB server version for the right syntax to use near '?,?,?,?,?)' at line 1
    at Query.Sequence._packetToError (C:\Users\Owner\Desktop\Studies\Practice after studies\Task Board\Task Board\Backend\node_modules\mysql\lib\protocol\sequences\Sequence.js:47:14)
    at Query.ErrorPacket (C:\Users\Owner\Desktop\Studies\Practice after studies\Task Board\Task Board\Backend\node_modules\mysql\lib\protocol\sequences\Query.js:79:18)
    at Protocol._parsePacket (C:\Users\Owner\Desktop\Studies\Practice after studies\Task Board\Task Board\Backend\node_modules\mysql\lib\protocol\Protocol.js:291:23)
    at Parser._parsePacket (C:\Users\Owner\Desktop\Studies\Practice after studies\Task Board\Task Board\Backend\node_modules\mysql\lib\protocol\Parser.js:433:10)
    at Parser.write (C:\Users\Owner\Desktop\Studies\Practice after studies\Task Board\Task Board\Backend\node_modules\mysql\lib\protocol\Parser.js:43:10)
    at Protocol.write (C:\Users\Owner\Desktop\Studies\Practice after studies\Task Board\Task Board\Backend\node_modules\mysql\lib\protocol\Protocol.js:38:16)
    at Socket.<anonymous> (C:\Users\Owner\Desktop\Studies\Practice after studies\Task Board\Task Board\Backend\node_modules\mysql\lib\Connection.js:88:28)
    at Socket.<anonymous> (C:\Users\Owner\Desktop\Studies\Practice after studies\Task Board\Task Board\Backend\node_modules\mysql\lib\Connection.js:526:10)
    at Socket.emit (node:events:513:28)
    at Socket.emit (node:domain:489:12)
    --------------------
    at Pool.query (C:\Users\Owner\Desktop\Studies\Practice after studies\Task Board\Task Board\Backend\node_modules\mysql\lib\Pool.js:199:23)
    at C:\Users\Owner\Desktop\Studies\Practice after studies\Task Board\Task Board\Backend\src\2-utils\dal.ts:14:20
    at new Promise (<anonymous>)
    at Object.execute (C:\Users\Owner\Desktop\Studies\Practice after studies\Task Board\Task Board\Backend\src\2-utils\dal.ts:13:12)
    at Object.<anonymous> (C:\Users\Owner\Desktop\Studies\Practice after studies\Task Board\Task Board\Backend\src\5-logic\task-logic.ts:57:35)
    at step (C:\Users\Owner\Desktop\Studies\Practice after studies\Task Board\Task Board\Backend\src\5-logic\task-logic.ts:33:23)
    at Object.next (C:\Users\Owner\Desktop\Studies\Practice after studies\Task Board\Task Board\Backend\src\5-logic\task-logic.ts:14:53)
    at C:\Users\Owner\Desktop\Studies\Practice after studies\Task Board\Task Board\Backend\src\5-logic\task-logic.ts:8:71
    at new Promise (<anonymous>)
    at __awaiter (C:\Users\Owner\Desktop\Studies\Practice after studies\Task Board\Task Board\Backend\src\5-logic\task-logic.ts:4:12)
----------------------------------------------------------------------------------------------------
Thu, 09 Nov 2023 12:22:42 GMT
cathAll error
Stack: Error: ER_PARSE_ERROR: You have an error in your SQL syntax; check the manual that corresponds to your MariaDB server version for the right syntax to use near '?,?,?,?,?)' at line 1
    at Query.Sequence._packetToError (C:\Users\Owner\Desktop\Studies\Practice after studies\Task Board\Task Board\Backend\node_modules\mysql\lib\protocol\sequences\Sequence.js:47:14)
    at Query.ErrorPacket (C:\Users\Owner\Desktop\Studies\Practice after studies\Task Board\Task Board\Backend\node_modules\mysql\lib\protocol\sequences\Query.js:79:18)
    at Protocol._parsePacket (C:\Users\Owner\Desktop\Studies\Practice after studies\Task Board\Task Board\Backend\node_modules\mysql\lib\protocol\Protocol.js:291:23)
    at Parser._parsePacket (C:\Users\Owner\Desktop\Studies\Practice after studies\Task Board\Task Board\Backend\node_modules\mysql\lib\protocol\Parser.js:433:10)
    at Parser.write (C:\Users\Owner\Desktop\Studies\Practice after studies\Task Board\Task Board\Backend\node_modules\mysql\lib\protocol\Parser.js:43:10)
    at Protocol.write (C:\Users\Owner\Desktop\Studies\Practice after studies\Task Board\Task Board\Backend\node_modules\mysql\lib\protocol\Protocol.js:38:16)
    at Socket.<anonymous> (C:\Users\Owner\Desktop\Studies\Practice after studies\Task Board\Task Board\Backend\node_modules\mysql\lib\Connection.js:88:28)
    at Socket.<anonymous> (C:\Users\Owner\Desktop\Studies\Practice after studies\Task Board\Task Board\Backend\node_modules\mysql\lib\Connection.js:526:10)
    at Socket.emit (node:events:513:28)
    at Socket.emit (node:domain:489:12)
    --------------------
    at Pool.query (C:\Users\Owner\Desktop\Studies\Practice after studies\Task Board\Task Board\Backend\node_modules\mysql\lib\Pool.js:199:23)
    at C:\Users\Owner\Desktop\Studies\Practice after studies\Task Board\Task Board\Backend\src\2-utils\dal.ts:14:20
    at new Promise (<anonymous>)
    at Object.execute (C:\Users\Owner\Desktop\Studies\Practice after studies\Task Board\Task Board\Backend\src\2-utils\dal.ts:13:12)
    at Object.<anonymous> (C:\Users\Owner\Desktop\Studies\Practice after studies\Task Board\Task Board\Backend\src\5-logic\task-logic.ts:57:35)
    at step (C:\Users\Owner\Desktop\Studies\Practice after studies\Task Board\Task Board\Backend\src\5-logic\task-logic.ts:33:23)
    at Object.next (C:\Users\Owner\Desktop\Studies\Practice after studies\Task Board\Task Board\Backend\src\5-logic\task-logic.ts:14:53)
    at C:\Users\Owner\Desktop\Studies\Practice after studies\Task Board\Task Board\Backend\src\5-logic\task-logic.ts:8:71
    at new Promise (<anonymous>)
    at __awaiter (C:\Users\Owner\Desktop\Studies\Practice after studies\Task Board\Task Board\Backend\src\5-logic\task-logic.ts:4:12)
----------------------------------------------------------------------------------------------------
Thu, 09 Nov 2023 12:22:43 GMT
cathAll error
Stack: Error: ER_PARSE_ERROR: You have an error in your SQL syntax; check the manual that corresponds to your MariaDB server version for the right syntax to use near '?,?,?,?,?)' at line 1
    at Query.Sequence._packetToError (C:\Users\Owner\Desktop\Studies\Practice after studies\Task Board\Task Board\Backend\node_modules\mysql\lib\protocol\sequences\Sequence.js:47:14)
    at Query.ErrorPacket (C:\Users\Owner\Desktop\Studies\Practice after studies\Task Board\Task Board\Backend\node_modules\mysql\lib\protocol\sequences\Query.js:79:18)
    at Protocol._parsePacket (C:\Users\Owner\Desktop\Studies\Practice after studies\Task Board\Task Board\Backend\node_modules\mysql\lib\protocol\Protocol.js:291:23)
    at Parser._parsePacket (C:\Users\Owner\Desktop\Studies\Practice after studies\Task Board\Task Board\Backend\node_modules\mysql\lib\protocol\Parser.js:433:10)
    at Parser.write (C:\Users\Owner\Desktop\Studies\Practice after studies\Task Board\Task Board\Backend\node_modules\mysql\lib\protocol\Parser.js:43:10)
    at Protocol.write (C:\Users\Owner\Desktop\Studies\Practice after studies\Task Board\Task Board\Backend\node_modules\mysql\lib\protocol\Protocol.js:38:16)
    at Socket.<anonymous> (C:\Users\Owner\Desktop\Studies\Practice after studies\Task Board\Task Board\Backend\node_modules\mysql\lib\Connection.js:88:28)
    at Socket.<anonymous> (C:\Users\Owner\Desktop\Studies\Practice after studies\Task Board\Task Board\Backend\node_modules\mysql\lib\Connection.js:526:10)
    at Socket.emit (node:events:513:28)
    at Socket.emit (node:domain:489:12)
    --------------------
    at Pool.query (C:\Users\Owner\Desktop\Studies\Practice after studies\Task Board\Task Board\Backend\node_modules\mysql\lib\Pool.js:199:23)
    at C:\Users\Owner\Desktop\Studies\Practice after studies\Task Board\Task Board\Backend\src\2-utils\dal.ts:14:20
    at new Promise (<anonymous>)
    at Object.execute (C:\Users\Owner\Desktop\Studies\Practice after studies\Task Board\Task Board\Backend\src\2-utils\dal.ts:13:12)
    at Object.<anonymous> (C:\Users\Owner\Desktop\Studies\Practice after studies\Task Board\Task Board\Backend\src\5-logic\task-logic.ts:57:35)
    at step (C:\Users\Owner\Desktop\Studies\Practice after studies\Task Board\Task Board\Backend\src\5-logic\task-logic.ts:33:23)
    at Object.next (C:\Users\Owner\Desktop\Studies\Practice after studies\Task Board\Task Board\Backend\src\5-logic\task-logic.ts:14:53)
    at C:\Users\Owner\Desktop\Studies\Practice after studies\Task Board\Task Board\Backend\src\5-logic\task-logic.ts:8:71
    at new Promise (<anonymous>)
    at __awaiter (C:\Users\Owner\Desktop\Studies\Practice after studies\Task Board\Task Board\Backend\src\5-logic\task-logic.ts:4:12)
----------------------------------------------------------------------------------------------------
Thu, 09 Nov 2023 12:23:26 GMT
cathAll error
Stack: Error: ER_PARSE_ERROR: You have an error in your SQL syntax; check the manual that corresponds to your MariaDB server version for the right syntax to use near '?, ?, ?, ?, ?)' at line 1
    at Query.Sequence._packetToError (C:\Users\Owner\Desktop\Studies\Practice after studies\Task Board\Task Board\Backend\node_modules\mysql\lib\protocol\sequences\Sequence.js:47:14)
    at Query.ErrorPacket (C:\Users\Owner\Desktop\Studies\Practice after studies\Task Board\Task Board\Backend\node_modules\mysql\lib\protocol\sequences\Query.js:79:18)
    at Protocol._parsePacket (C:\Users\Owner\Desktop\Studies\Practice after studies\Task Board\Task Board\Backend\node_modules\mysql\lib\protocol\Protocol.js:291:23)
    at Parser._parsePacket (C:\Users\Owner\Desktop\Studies\Practice after studies\Task Board\Task Board\Backend\node_modules\mysql\lib\protocol\Parser.js:433:10)
    at Parser.write (C:\Users\Owner\Desktop\Studies\Practice after studies\Task Board\Task Board\Backend\node_modules\mysql\lib\protocol\Parser.js:43:10)
    at Protocol.write (C:\Users\Owner\Desktop\Studies\Practice after studies\Task Board\Task Board\Backend\node_modules\mysql\lib\protocol\Protocol.js:38:16)
    at Socket.<anonymous> (C:\Users\Owner\Desktop\Studies\Practice after studies\Task Board\Task Board\Backend\node_modules\mysql\lib\Connection.js:88:28)
    at Socket.<anonymous> (C:\Users\Owner\Desktop\Studies\Practice after studies\Task Board\Task Board\Backend\node_modules\mysql\lib\Connection.js:526:10)
    at Socket.emit (node:events:513:28)
    at Socket.emit (node:domain:489:12)
    --------------------
    at Pool.query (C:\Users\Owner\Desktop\Studies\Practice after studies\Task Board\Task Board\Backend\node_modules\mysql\lib\Pool.js:199:23)
    at C:\Users\Owner\Desktop\Studies\Practice after studies\Task Board\Task Board\Backend\src\2-utils\dal.ts:14:20
    at new Promise (<anonymous>)
    at Object.execute (C:\Users\Owner\Desktop\Studies\Practice after studies\Task Board\Task Board\Backend\src\2-utils\dal.ts:13:12)
    at Object.<anonymous> (C:\Users\Owner\Desktop\Studies\Practice after studies\Task Board\Task Board\Backend\src\5-logic\task-logic.ts:57:35)
    at step (C:\Users\Owner\Desktop\Studies\Practice after studies\Task Board\Task Board\Backend\src\5-logic\task-logic.ts:33:23)
    at Object.next (C:\Users\Owner\Desktop\Studies\Practice after studies\Task Board\Task Board\Backend\src\5-logic\task-logic.ts:14:53)
    at C:\Users\Owner\Desktop\Studies\Practice after studies\Task Board\Task Board\Backend\src\5-logic\task-logic.ts:8:71
    at new Promise (<anonymous>)
    at __awaiter (C:\Users\Owner\Desktop\Studies\Practice after studies\Task Board\Task Board\Backend\src\5-logic\task-logic.ts:4:12)
----------------------------------------------------------------------------------------------------
Thu, 09 Nov 2023 12:23:27 GMT
cathAll error
Stack: Error: ER_PARSE_ERROR: You have an error in your SQL syntax; check the manual that corresponds to your MariaDB server version for the right syntax to use near '?, ?, ?, ?, ?)' at line 1
    at Query.Sequence._packetToError (C:\Users\Owner\Desktop\Studies\Practice after studies\Task Board\Task Board\Backend\node_modules\mysql\lib\protocol\sequences\Sequence.js:47:14)
    at Query.ErrorPacket (C:\Users\Owner\Desktop\Studies\Practice after studies\Task Board\Task Board\Backend\node_modules\mysql\lib\protocol\sequences\Query.js:79:18)
    at Protocol._parsePacket (C:\Users\Owner\Desktop\Studies\Practice after studies\Task Board\Task Board\Backend\node_modules\mysql\lib\protocol\Protocol.js:291:23)
    at Parser._parsePacket (C:\Users\Owner\Desktop\Studies\Practice after studies\Task Board\Task Board\Backend\node_modules\mysql\lib\protocol\Parser.js:433:10)
    at Parser.write (C:\Users\Owner\Desktop\Studies\Practice after studies\Task Board\Task Board\Backend\node_modules\mysql\lib\protocol\Parser.js:43:10)
    at Protocol.write (C:\Users\Owner\Desktop\Studies\Practice after studies\Task Board\Task Board\Backend\node_modules\mysql\lib\protocol\Protocol.js:38:16)
    at Socket.<anonymous> (C:\Users\Owner\Desktop\Studies\Practice after studies\Task Board\Task Board\Backend\node_modules\mysql\lib\Connection.js:88:28)
    at Socket.<anonymous> (C:\Users\Owner\Desktop\Studies\Practice after studies\Task Board\Task Board\Backend\node_modules\mysql\lib\Connection.js:526:10)
    at Socket.emit (node:events:513:28)
    at Socket.emit (node:domain:489:12)
    --------------------
    at Pool.query (C:\Users\Owner\Desktop\Studies\Practice after studies\Task Board\Task Board\Backend\node_modules\mysql\lib\Pool.js:199:23)
    at C:\Users\Owner\Desktop\Studies\Practice after studies\Task Board\Task Board\Backend\src\2-utils\dal.ts:14:20
    at new Promise (<anonymous>)
    at Object.execute (C:\Users\Owner\Desktop\Studies\Practice after studies\Task Board\Task Board\Backend\src\2-utils\dal.ts:13:12)
    at Object.<anonymous> (C:\Users\Owner\Desktop\Studies\Practice after studies\Task Board\Task Board\Backend\src\5-logic\task-logic.ts:57:35)
    at step (C:\Users\Owner\Desktop\Studies\Practice after studies\Task Board\Task Board\Backend\src\5-logic\task-logic.ts:33:23)
    at Object.next (C:\Users\Owner\Desktop\Studies\Practice after studies\Task Board\Task Board\Backend\src\5-logic\task-logic.ts:14:53)
    at C:\Users\Owner\Desktop\Studies\Practice after studies\Task Board\Task Board\Backend\src\5-logic\task-logic.ts:8:71
    at new Promise (<anonymous>)
    at __awaiter (C:\Users\Owner\Desktop\Studies\Practice after studies\Task Board\Task Board\Backend\src\5-logic\task-logic.ts:4:12)
----------------------------------------------------------------------------------------------------
Thu, 09 Nov 2023 12:42:52 GMT
cathAll error
Stack: Error: ER_PARSE_ERROR: You have an error in your SQL syntax; check the manual that corresponds to your MariaDB server version for the right syntax to use near 'customerId=1
   status='Almost Done'
   date='2023-11-21T22:00:00.000Z'
   pr...' at line 3
    at Query.Sequence._packetToError (C:\Users\Owner\Desktop\Studies\Practice after studies\Task Board\Task Board\Backend\node_modules\mysql\lib\protocol\sequences\Sequence.js:47:14)
    at Query.ErrorPacket (C:\Users\Owner\Desktop\Studies\Practice after studies\Task Board\Task Board\Backend\node_modules\mysql\lib\protocol\sequences\Query.js:79:18)
    at Protocol._parsePacket (C:\Users\Owner\Desktop\Studies\Practice after studies\Task Board\Task Board\Backend\node_modules\mysql\lib\protocol\Protocol.js:291:23)
    at Parser._parsePacket (C:\Users\Owner\Desktop\Studies\Practice after studies\Task Board\Task Board\Backend\node_modules\mysql\lib\protocol\Parser.js:433:10)
    at Parser.write (C:\Users\Owner\Desktop\Studies\Practice after studies\Task Board\Task Board\Backend\node_modules\mysql\lib\protocol\Parser.js:43:10)
    at Protocol.write (C:\Users\Owner\Desktop\Studies\Practice after studies\Task Board\Task Board\Backend\node_modules\mysql\lib\protocol\Protocol.js:38:16)
    at Socket.<anonymous> (C:\Users\Owner\Desktop\Studies\Practice after studies\Task Board\Task Board\Backend\node_modules\mysql\lib\Connection.js:88:28)
    at Socket.<anonymous> (C:\Users\Owner\Desktop\Studies\Practice after studies\Task Board\Task Board\Backend\node_modules\mysql\lib\Connection.js:526:10)
    at Socket.emit (node:events:513:28)
    at Socket.emit (node:domain:489:12)
    --------------------
    at Pool.query (C:\Users\Owner\Desktop\Studies\Practice after studies\Task Board\Task Board\Backend\node_modules\mysql\lib\Pool.js:199:23)
    at C:\Users\Owner\Desktop\Studies\Practice after studies\Task Board\Task Board\Backend\src\2-utils\dal.ts:14:20
    at new Promise (<anonymous>)
    at Object.execute (C:\Users\Owner\Desktop\Studies\Practice after studies\Task Board\Task Board\Backend\src\2-utils\dal.ts:13:12)
    at Object.<anonymous> (C:\Users\Owner\Desktop\Studies\Practice after studies\Task Board\Task Board\Backend\src\5-logic\task-logic.ts:78:35)
    at step (C:\Users\Owner\Desktop\Studies\Practice after studies\Task Board\Task Board\Backend\src\5-logic\task-logic.ts:33:23)
    at Object.next (C:\Users\Owner\Desktop\Studies\Practice after studies\Task Board\Task Board\Backend\src\5-logic\task-logic.ts:14:53)
    at C:\Users\Owner\Desktop\Studies\Practice after studies\Task Board\Task Board\Backend\src\5-logic\task-logic.ts:8:71
    at new Promise (<anonymous>)
    at __awaiter (C:\Users\Owner\Desktop\Studies\Practice after studies\Task Board\Task Board\Backend\src\5-logic\task-logic.ts:4:12)
----------------------------------------------------------------------------------------------------
Thu, 09 Nov 2023 12:44:26 GMT
cathAll error
Stack: Error: ER_PARSE_ERROR: You have an error in your SQL syntax; check the manual that corresponds to your MariaDB server version for the right syntax to use near 'WHERE taskId=9' at line 8
    at Query.Sequence._packetToError (C:\Users\Owner\Desktop\Studies\Practice after studies\Task Board\Task Board\Backend\node_modules\mysql\lib\protocol\sequences\Sequence.js:47:14)
    at Query.ErrorPacket (C:\Users\Owner\Desktop\Studies\Practice after studies\Task Board\Task Board\Backend\node_modules\mysql\lib\protocol\sequences\Query.js:79:18)
    at Protocol._parsePacket (C:\Users\Owner\Desktop\Studies\Practice after studies\Task Board\Task Board\Backend\node_modules\mysql\lib\protocol\Protocol.js:291:23)
    at Parser._parsePacket (C:\Users\Owner\Desktop\Studies\Practice after studies\Task Board\Task Board\Backend\node_modules\mysql\lib\protocol\Parser.js:433:10)
    at Parser.write (C:\Users\Owner\Desktop\Studies\Practice after studies\Task Board\Task Board\Backend\node_modules\mysql\lib\protocol\Parser.js:43:10)
    at Protocol.write (C:\Users\Owner\Desktop\Studies\Practice after studies\Task Board\Task Board\Backend\node_modules\mysql\lib\protocol\Protocol.js:38:16)
    at Socket.<anonymous> (C:\Users\Owner\Desktop\Studies\Practice after studies\Task Board\Task Board\Backend\node_modules\mysql\lib\Connection.js:88:28)
    at Socket.<anonymous> (C:\Users\Owner\Desktop\Studies\Practice after studies\Task Board\Task Board\Backend\node_modules\mysql\lib\Connection.js:526:10)
    at Socket.emit (node:events:513:28)
    at Socket.emit (node:domain:489:12)
    --------------------
    at Pool.query (C:\Users\Owner\Desktop\Studies\Practice after studies\Task Board\Task Board\Backend\node_modules\mysql\lib\Pool.js:199:23)
    at C:\Users\Owner\Desktop\Studies\Practice after studies\Task Board\Task Board\Backend\src\2-utils\dal.ts:14:20
    at new Promise (<anonymous>)
    at Object.execute (C:\Users\Owner\Desktop\Studies\Practice after studies\Task Board\Task Board\Backend\src\2-utils\dal.ts:13:12)
    at Object.<anonymous> (C:\Users\Owner\Desktop\Studies\Practice after studies\Task Board\Task Board\Backend\src\5-logic\task-logic.ts:78:35)
    at step (C:\Users\Owner\Desktop\Studies\Practice after studies\Task Board\Task Board\Backend\src\5-logic\task-logic.ts:33:23)
    at Object.next (C:\Users\Owner\Desktop\Studies\Practice after studies\Task Board\Task Board\Backend\src\5-logic\task-logic.ts:14:53)
    at C:\Users\Owner\Desktop\Studies\Practice after studies\Task Board\Task Board\Backend\src\5-logic\task-logic.ts:8:71
    at new Promise (<anonymous>)
    at __awaiter (C:\Users\Owner\Desktop\Studies\Practice after studies\Task Board\Task Board\Backend\src\5-logic\task-logic.ts:4:12)
----------------------------------------------------------------------------------------------------
Thu, 09 Nov 2023 12:44:28 GMT
cathAll error
Stack: Error: ER_PARSE_ERROR: You have an error in your SQL syntax; check the manual that corresponds to your MariaDB server version for the right syntax to use near 'WHERE taskId=9' at line 8
    at Query.Sequence._packetToError (C:\Users\Owner\Desktop\Studies\Practice after studies\Task Board\Task Board\Backend\node_modules\mysql\lib\protocol\sequences\Sequence.js:47:14)
    at Query.ErrorPacket (C:\Users\Owner\Desktop\Studies\Practice after studies\Task Board\Task Board\Backend\node_modules\mysql\lib\protocol\sequences\Query.js:79:18)
    at Protocol._parsePacket (C:\Users\Owner\Desktop\Studies\Practice after studies\Task Board\Task Board\Backend\node_modules\mysql\lib\protocol\Protocol.js:291:23)
    at Parser._parsePacket (C:\Users\Owner\Desktop\Studies\Practice after studies\Task Board\Task Board\Backend\node_modules\mysql\lib\protocol\Parser.js:433:10)
    at Parser.write (C:\Users\Owner\Desktop\Studies\Practice after studies\Task Board\Task Board\Backend\node_modules\mysql\lib\protocol\Parser.js:43:10)
    at Protocol.write (C:\Users\Owner\Desktop\Studies\Practice after studies\Task Board\Task Board\Backend\node_modules\mysql\lib\protocol\Protocol.js:38:16)
    at Socket.<anonymous> (C:\Users\Owner\Desktop\Studies\Practice after studies\Task Board\Task Board\Backend\node_modules\mysql\lib\Connection.js:88:28)
    at Socket.<anonymous> (C:\Users\Owner\Desktop\Studies\Practice after studies\Task Board\Task Board\Backend\node_modules\mysql\lib\Connection.js:526:10)
    at Socket.emit (node:events:513:28)
    at Socket.emit (node:domain:489:12)
    --------------------
    at Pool.query (C:\Users\Owner\Desktop\Studies\Practice after studies\Task Board\Task Board\Backend\node_modules\mysql\lib\Pool.js:199:23)
    at C:\Users\Owner\Desktop\Studies\Practice after studies\Task Board\Task Board\Backend\src\2-utils\dal.ts:14:20
    at new Promise (<anonymous>)
    at Object.execute (C:\Users\Owner\Desktop\Studies\Practice after studies\Task Board\Task Board\Backend\src\2-utils\dal.ts:13:12)
    at Object.<anonymous> (C:\Users\Owner\Desktop\Studies\Practice after studies\Task Board\Task Board\Backend\src\5-logic\task-logic.ts:78:35)
    at step (C:\Users\Owner\Desktop\Studies\Practice after studies\Task Board\Task Board\Backend\src\5-logic\task-logic.ts:33:23)
    at Object.next (C:\Users\Owner\Desktop\Studies\Practice after studies\Task Board\Task Board\Backend\src\5-logic\task-logic.ts:14:53)
    at C:\Users\Owner\Desktop\Studies\Practice after studies\Task Board\Task Board\Backend\src\5-logic\task-logic.ts:8:71
    at new Promise (<anonymous>)
    at __awaiter (C:\Users\Owner\Desktop\Studies\Practice after studies\Task Board\Task Board\Backend\src\5-logic\task-logic.ts:4:12)
----------------------------------------------------------------------------------------------------
Mon, 13 Nov 2023 22:40:36 GMT
cathAll error
Stack: Error: ER_BAD_FIELD_ERROR: Unknown column 'NaN' in 'where clause'
    at Query.Sequence._packetToError (C:\Users\Owner\Desktop\Studies\Practice after studies\Task Board\Task Board\Backend\node_modules\mysql\lib\protocol\sequences\Sequence.js:47:14)
    at Query.ErrorPacket (C:\Users\Owner\Desktop\Studies\Practice after studies\Task Board\Task Board\Backend\node_modules\mysql\lib\protocol\sequences\Query.js:79:18)
    at Protocol._parsePacket (C:\Users\Owner\Desktop\Studies\Practice after studies\Task Board\Task Board\Backend\node_modules\mysql\lib\protocol\Protocol.js:291:23)
    at Parser._parsePacket (C:\Users\Owner\Desktop\Studies\Practice after studies\Task Board\Task Board\Backend\node_modules\mysql\lib\protocol\Parser.js:433:10)
    at Parser.write (C:\Users\Owner\Desktop\Studies\Practice after studies\Task Board\Task Board\Backend\node_modules\mysql\lib\protocol\Parser.js:43:10)
    at Protocol.write (C:\Users\Owner\Desktop\Studies\Practice after studies\Task Board\Task Board\Backend\node_modules\mysql\lib\protocol\Protocol.js:38:16)
    at Socket.<anonymous> (C:\Users\Owner\Desktop\Studies\Practice after studies\Task Board\Task Board\Backend\node_modules\mysql\lib\Connection.js:88:28)
    at Socket.<anonymous> (C:\Users\Owner\Desktop\Studies\Practice after studies\Task Board\Task Board\Backend\node_modules\mysql\lib\Connection.js:526:10)
    at Socket.emit (node:events:513:28)
    at Socket.emit (node:domain:489:12)
    --------------------
    at Pool.query (C:\Users\Owner\Desktop\Studies\Practice after studies\Task Board\Task Board\Backend\node_modules\mysql\lib\Pool.js:199:23)
    at C:\Users\Owner\Desktop\Studies\Practice after studies\Task Board\Task Board\Backend\src\2-utils\dal.ts:14:20
    at new Promise (<anonymous>)
    at Object.execute (C:\Users\Owner\Desktop\Studies\Practice after studies\Task Board\Task Board\Backend\src\2-utils\dal.ts:13:12)
    at Object.<anonymous> (C:\Users\Owner\Desktop\Studies\Practice after studies\Task Board\Task Board\Backend\src\5-logic\task-logic.ts:68:35)
    at step (C:\Users\Owner\Desktop\Studies\Practice after studies\Task Board\Task Board\Backend\src\5-logic\task-logic.ts:33:23)
    at Object.next (C:\Users\Owner\Desktop\Studies\Practice after studies\Task Board\Task Board\Backend\src\5-logic\task-logic.ts:14:53)
    at C:\Users\Owner\Desktop\Studies\Practice after studies\Task Board\Task Board\Backend\src\5-logic\task-logic.ts:8:71
    at new Promise (<anonymous>)
    at __awaiter (C:\Users\Owner\Desktop\Studies\Practice after studies\Task Board\Task Board\Backend\src\5-logic\task-logic.ts:4:12)
----------------------------------------------------------------------------------------------------
Mon, 13 Nov 2023 22:41:49 GMT
cathAll error
Stack: Error: ER_PARSE_ERROR: You have an error in your SQL syntax; check the manual that corresponds to your MariaDB server version for the right syntax to use near 'WHERE customerId=5' at line 3
    at Query.Sequence._packetToError (C:\Users\Owner\Desktop\Studies\Practice after studies\Task Board\Task Board\Backend\node_modules\mysql\lib\protocol\sequences\Sequence.js:47:14)
    at Query.ErrorPacket (C:\Users\Owner\Desktop\Studies\Practice after studies\Task Board\Task Board\Backend\node_modules\mysql\lib\protocol\sequences\Query.js:79:18)
    at Protocol._parsePacket (C:\Users\Owner\Desktop\Studies\Practice after studies\Task Board\Task Board\Backend\node_modules\mysql\lib\protocol\Protocol.js:291:23)
    at Parser._parsePacket (C:\Users\Owner\Desktop\Studies\Practice after studies\Task Board\Task Board\Backend\node_modules\mysql\lib\protocol\Parser.js:433:10)
    at Parser.write (C:\Users\Owner\Desktop\Studies\Practice after studies\Task Board\Task Board\Backend\node_modules\mysql\lib\protocol\Parser.js:43:10)
    at Protocol.write (C:\Users\Owner\Desktop\Studies\Practice after studies\Task Board\Task Board\Backend\node_modules\mysql\lib\protocol\Protocol.js:38:16)
    at Socket.<anonymous> (C:\Users\Owner\Desktop\Studies\Practice after studies\Task Board\Task Board\Backend\node_modules\mysql\lib\Connection.js:88:28)
    at Socket.<anonymous> (C:\Users\Owner\Desktop\Studies\Practice after studies\Task Board\Task Board\Backend\node_modules\mysql\lib\Connection.js:526:10)
    at Socket.emit (node:events:513:28)
    at Socket.emit (node:domain:489:12)
    --------------------
    at Pool.query (C:\Users\Owner\Desktop\Studies\Practice after studies\Task Board\Task Board\Backend\node_modules\mysql\lib\Pool.js:199:23)
    at C:\Users\Owner\Desktop\Studies\Practice after studies\Task Board\Task Board\Backend\src\2-utils\dal.ts:14:20
    at new Promise (<anonymous>)
    at Object.execute (C:\Users\Owner\Desktop\Studies\Practice after studies\Task Board\Task Board\Backend\src\2-utils\dal.ts:13:12)
    at Object.<anonymous> (C:\Users\Owner\Desktop\Studies\Practice after studies\Task Board\Task Board\Backend\src\5-logic\customers-logic.ts:34:35)
    at step (C:\Users\Owner\Desktop\Studies\Practice after studies\Task Board\Task Board\Backend\src\5-logic\customers-logic.ts:33:23)
    at Object.next (C:\Users\Owner\Desktop\Studies\Practice after studies\Task Board\Task Board\Backend\src\5-logic\customers-logic.ts:14:53)
    at C:\Users\Owner\Desktop\Studies\Practice after studies\Task Board\Task Board\Backend\src\5-logic\customers-logic.ts:8:71
    at new Promise (<anonymous>)
    at __awaiter (C:\Users\Owner\Desktop\Studies\Practice after studies\Task Board\Task Board\Backend\src\5-logic\customers-logic.ts:4:12)
----------------------------------------------------------------------------------------------------
Mon, 13 Nov 2023 22:41:50 GMT
cathAll error
Stack: Error: ER_PARSE_ERROR: You have an error in your SQL syntax; check the manual that corresponds to your MariaDB server version for the right syntax to use near 'WHERE customerId=5' at line 3
    at Query.Sequence._packetToError (C:\Users\Owner\Desktop\Studies\Practice after studies\Task Board\Task Board\Backend\node_modules\mysql\lib\protocol\sequences\Sequence.js:47:14)
    at Query.ErrorPacket (C:\Users\Owner\Desktop\Studies\Practice after studies\Task Board\Task Board\Backend\node_modules\mysql\lib\protocol\sequences\Query.js:79:18)
    at Protocol._parsePacket (C:\Users\Owner\Desktop\Studies\Practice after studies\Task Board\Task Board\Backend\node_modules\mysql\lib\protocol\Protocol.js:291:23)
    at Parser._parsePacket (C:\Users\Owner\Desktop\Studies\Practice after studies\Task Board\Task Board\Backend\node_modules\mysql\lib\protocol\Parser.js:433:10)
    at Parser.write (C:\Users\Owner\Desktop\Studies\Practice after studies\Task Board\Task Board\Backend\node_modules\mysql\lib\protocol\Parser.js:43:10)
    at Protocol.write (C:\Users\Owner\Desktop\Studies\Practice after studies\Task Board\Task Board\Backend\node_modules\mysql\lib\protocol\Protocol.js:38:16)
    at Socket.<anonymous> (C:\Users\Owner\Desktop\Studies\Practice after studies\Task Board\Task Board\Backend\node_modules\mysql\lib\Connection.js:88:28)
    at Socket.<anonymous> (C:\Users\Owner\Desktop\Studies\Practice after studies\Task Board\Task Board\Backend\node_modules\mysql\lib\Connection.js:526:10)
    at Socket.emit (node:events:513:28)
    at Socket.emit (node:domain:489:12)
    --------------------
    at Pool.query (C:\Users\Owner\Desktop\Studies\Practice after studies\Task Board\Task Board\Backend\node_modules\mysql\lib\Pool.js:199:23)
    at C:\Users\Owner\Desktop\Studies\Practice after studies\Task Board\Task Board\Backend\src\2-utils\dal.ts:14:20
    at new Promise (<anonymous>)
    at Object.execute (C:\Users\Owner\Desktop\Studies\Practice after studies\Task Board\Task Board\Backend\src\2-utils\dal.ts:13:12)
    at Object.<anonymous> (C:\Users\Owner\Desktop\Studies\Practice after studies\Task Board\Task Board\Backend\src\5-logic\customers-logic.ts:34:35)
    at step (C:\Users\Owner\Desktop\Studies\Practice after studies\Task Board\Task Board\Backend\src\5-logic\customers-logic.ts:33:23)
    at Object.next (C:\Users\Owner\Desktop\Studies\Practice after studies\Task Board\Task Board\Backend\src\5-logic\customers-logic.ts:14:53)
    at C:\Users\Owner\Desktop\Studies\Practice after studies\Task Board\Task Board\Backend\src\5-logic\customers-logic.ts:8:71
    at new Promise (<anonymous>)
    at __awaiter (C:\Users\Owner\Desktop\Studies\Practice after studies\Task Board\Task Board\Backend\src\5-logic\customers-logic.ts:4:12)
----------------------------------------------------------------------------------------------------
Mon, 13 Nov 2023 22:53:24 GMT
cathAll error
Stack: Error: ER_PARSE_ERROR: You have an error in your SQL syntax; check the manual that corresponds to your MariaDB server version for the right syntax to use near 'WHERE employeeId=5' at line 3
    at Query.Sequence._packetToError (C:\Users\Owner\Desktop\Studies\Practice after studies\Task Board\Task Board\Backend\node_modules\mysql\lib\protocol\sequences\Sequence.js:47:14)
    at Query.ErrorPacket (C:\Users\Owner\Desktop\Studies\Practice after studies\Task Board\Task Board\Backend\node_modules\mysql\lib\protocol\sequences\Query.js:79:18)
    at Protocol._parsePacket (C:\Users\Owner\Desktop\Studies\Practice after studies\Task Board\Task Board\Backend\node_modules\mysql\lib\protocol\Protocol.js:291:23)
    at Parser._parsePacket (C:\Users\Owner\Desktop\Studies\Practice after studies\Task Board\Task Board\Backend\node_modules\mysql\lib\protocol\Parser.js:433:10)
    at Parser.write (C:\Users\Owner\Desktop\Studies\Practice after studies\Task Board\Task Board\Backend\node_modules\mysql\lib\protocol\Parser.js:43:10)
    at Protocol.write (C:\Users\Owner\Desktop\Studies\Practice after studies\Task Board\Task Board\Backend\node_modules\mysql\lib\protocol\Protocol.js:38:16)
    at Socket.<anonymous> (C:\Users\Owner\Desktop\Studies\Practice after studies\Task Board\Task Board\Backend\node_modules\mysql\lib\Connection.js:88:28)
    at Socket.<anonymous> (C:\Users\Owner\Desktop\Studies\Practice after studies\Task Board\Task Board\Backend\node_modules\mysql\lib\Connection.js:526:10)
    at Socket.emit (node:events:513:28)
    at Socket.emit (node:domain:489:12)
    --------------------
    at Pool.query (C:\Users\Owner\Desktop\Studies\Practice after studies\Task Board\Task Board\Backend\node_modules\mysql\lib\Pool.js:199:23)
    at C:\Users\Owner\Desktop\Studies\Practice after studies\Task Board\Task Board\Backend\src\2-utils\dal.ts:14:20
    at new Promise (<anonymous>)
    at Object.execute (C:\Users\Owner\Desktop\Studies\Practice after studies\Task Board\Task Board\Backend\src\2-utils\dal.ts:13:12)
    at Object.<anonymous> (C:\Users\Owner\Desktop\Studies\Practice after studies\Task Board\Task Board\Backend\src\5-logic\employees-logic.ts:33:35)
    at step (C:\Users\Owner\Desktop\Studies\Practice after studies\Task Board\Task Board\Backend\src\5-logic\employees-logic.ts:33:23)
    at Object.next (C:\Users\Owner\Desktop\Studies\Practice after studies\Task Board\Task Board\Backend\src\5-logic\employees-logic.ts:14:53)
    at C:\Users\Owner\Desktop\Studies\Practice after studies\Task Board\Task Board\Backend\src\5-logic\employees-logic.ts:8:71
    at new Promise (<anonymous>)
    at __awaiter (C:\Users\Owner\Desktop\Studies\Practice after studies\Task Board\Task Board\Backend\src\5-logic\employees-logic.ts:4:12)
----------------------------------------------------------------------------------------------------
